十二月 13, 2018 9:52:02 上午 org.apache.catalina.startup.VersionLoggerListener log
信息: Server version:        Apache Tomcat/@VERSION@
十二月 13, 2018 9:52:02 上午 org.apache.catalina.startup.VersionLoggerListener log
信息: Server built:          @VERSION_BUILT@
十二月 13, 2018 9:52:02 上午 org.apache.catalina.startup.VersionLoggerListener log
信息: Server number:         @VERSION_NUMBER@
十二月 13, 2018 9:52:02 上午 org.apache.catalina.startup.VersionLoggerListener log
信息: OS Name:               Mac OS X
十二月 13, 2018 9:52:02 上午 org.apache.catalina.startup.VersionLoggerListener log
信息: OS Version:            10.12.6
十二月 13, 2018 9:52:02 上午 org.apache.catalina.startup.VersionLoggerListener log
信息: Architecture:          x86_64
十二月 13, 2018 9:52:02 上午 org.apache.catalina.startup.VersionLoggerListener log
信息: Java Home:             /Library/Java/JavaVirtualMachines/jdk1.8.0_152.jdk/Contents/Home/jre
十二月 13, 2018 9:52:02 上午 org.apache.catalina.startup.VersionLoggerListener log
信息: JVM Version:           1.8.0_152-b16
十二月 13, 2018 9:52:02 上午 org.apache.catalina.startup.VersionLoggerListener log
信息: JVM Vendor:            Oracle Corporation
十二月 13, 2018 9:52:02 上午 org.apache.catalina.startup.VersionLoggerListener log
信息: CATALINA_BASE:         /Users/wangjianfeng/workspace/Tomcat/catalina-home
十二月 13, 2018 9:52:02 上午 org.apache.catalina.startup.VersionLoggerListener log
信息: CATALINA_HOME:         /Users/wangjianfeng/workspace/Tomcat/catalina-home
十二月 13, 2018 9:52:02 上午 org.apache.catalina.startup.VersionLoggerListener log
信息: Command line argument: -Dcatalina.home=catalina-home
十二月 13, 2018 9:52:02 上午 org.apache.catalina.startup.VersionLoggerListener log
信息: Command line argument: -Dcatalina.base=catalina-home
十二月 13, 2018 9:52:02 上午 org.apache.catalina.startup.VersionLoggerListener log
信息: Command line argument: -Djava.endorsed.dirs=catalina-home/endorsed
十二月 13, 2018 9:52:02 上午 org.apache.catalina.startup.VersionLoggerListener log
信息: Command line argument: -Djava.io.tmpdir=catalina-home/temp
十二月 13, 2018 9:52:02 上午 org.apache.catalina.startup.VersionLoggerListener log
信息: Command line argument: -Djava.util.logging.manager=org.apache.juli.ClassLoaderLogManager
十二月 13, 2018 9:52:02 上午 org.apache.catalina.startup.VersionLoggerListener log
信息: Command line argument: -Djava.util.logging.config.file=catalina-home/conf/logging.properties
十二月 13, 2018 9:52:02 上午 org.apache.catalina.startup.VersionLoggerListener log
信息: Command line argument: -javaagent:/Users/wangjianfeng/Library/Application Support/JetBrains/Toolbox/apps/IDEA-U/ch-0/173.4548.28/IntelliJ IDEA.app/Contents/lib/idea_rt.jar=52703:/Users/wangjianfeng/Library/Application Support/JetBrains/Toolbox/apps/IDEA-U/ch-0/173.4548.28/IntelliJ IDEA.app/Contents/bin
十二月 13, 2018 9:52:02 上午 org.apache.catalina.startup.VersionLoggerListener log
信息: Command line argument: -Dfile.encoding=UTF-8
十二月 13, 2018 9:52:02 上午 org.apache.catalina.core.AprLifecycleListener lifecycleEvent
信息: The APR based Apache Tomcat Native library which allows optimal performance in production environments was not found on the java.library.path: /Users/wangjianfeng/Library/Java/Extensions:/Library/Java/Extensions:/Network/Library/Java/Extensions:/System/Library/Java/Extensions:/usr/lib/java:.
十二月 13, 2018 9:52:02 上午 org.apache.coyote.AbstractProtocol init
信息: Initializing ProtocolHandler ["http-bio-8080"]
十二月 13, 2018 9:52:02 上午 org.apache.coyote.AbstractProtocol init
信息: Initializing ProtocolHandler ["ajp-bio-8009"]
十二月 13, 2018 9:52:02 上午 org.apache.catalina.startup.Catalina load
信息: Initialization processed in 727 ms
十二月 13, 2018 9:52:02 上午 org.apache.catalina.core.StandardService startInternal
信息: Starting service Catalina
十二月 13, 2018 9:52:02 上午 org.apache.catalina.core.StandardEngine startInternal
信息: Starting Servlet Engine: Apache Tomcat/@VERSION@
十二月 13, 2018 9:52:02 上午 org.apache.catalina.startup.HostConfig deployDirectory
信息: Deploying web application directory /Users/wangjianfeng/workspace/Tomcat/catalina-home/webapps/docs
十二月 13, 2018 9:52:06 上午 org.apache.catalina.startup.TldConfig execute
信息: At least one JAR was scanned for TLDs yet contained no TLDs. Enable debug logging for this logger for a complete list of JARs that were scanned but no TLDs were found in them. Skipping unneeded JARs during scanning can improve startup time and JSP compilation time.
十二月 13, 2018 9:52:06 上午 org.apache.catalina.startup.HostConfig deployDirectory
信息: Deployment of web application directory /Users/wangjianfeng/workspace/Tomcat/catalina-home/webapps/docs has finished in 3,430 ms
十二月 13, 2018 9:52:06 上午 org.apache.catalina.startup.HostConfig deployDirectory
信息: Deploying web application directory /Users/wangjianfeng/workspace/Tomcat/catalina-home/webapps/examples
十二月 13, 2018 9:52:08 上午 org.apache.catalina.startup.TldConfig execute
信息: At least one JAR was scanned for TLDs yet contained no TLDs. Enable debug logging for this logger for a complete list of JARs that were scanned but no TLDs were found in them. Skipping unneeded JARs during scanning can improve startup time and JSP compilation time.
十二月 13, 2018 9:52:08 上午 org.apache.catalina.startup.HostConfig deployDirectory
信息: Deployment of web application directory /Users/wangjianfeng/workspace/Tomcat/catalina-home/webapps/examples has finished in 1,759 ms
十二月 13, 2018 9:52:08 上午 org.apache.catalina.startup.HostConfig deployDirectory
信息: Deploying web application directory /Users/wangjianfeng/workspace/Tomcat/catalina-home/webapps/host-manager
十二月 13, 2018 9:52:08 上午 org.apache.catalina.startup.TldConfig execute
信息: At least one JAR was scanned for TLDs yet contained no TLDs. Enable debug logging for this logger for a complete list of JARs that were scanned but no TLDs were found in them. Skipping unneeded JARs during scanning can improve startup time and JSP compilation time.
十二月 13, 2018 9:52:08 上午 org.apache.catalina.startup.HostConfig deployDirectory
信息: Deployment of web application directory /Users/wangjianfeng/workspace/Tomcat/catalina-home/webapps/host-manager has finished in 68 ms
十二月 13, 2018 9:52:08 上午 org.apache.catalina.startup.HostConfig deployDirectory
信息: Deploying web application directory /Users/wangjianfeng/workspace/Tomcat/catalina-home/webapps/manager
十二月 13, 2018 9:52:08 上午 org.apache.catalina.startup.TldConfig execute
信息: At least one JAR was scanned for TLDs yet contained no TLDs. Enable debug logging for this logger for a complete list of JARs that were scanned but no TLDs were found in them. Skipping unneeded JARs during scanning can improve startup time and JSP compilation time.
十二月 13, 2018 9:52:08 上午 org.apache.catalina.startup.HostConfig deployDirectory
信息: Deployment of web application directory /Users/wangjianfeng/workspace/Tomcat/catalina-home/webapps/manager has finished in 67 ms
十二月 13, 2018 9:52:08 上午 org.apache.catalina.startup.HostConfig deployDirectory
信息: Deploying web application directory /Users/wangjianfeng/workspace/Tomcat/catalina-home/webapps/ROOT
十二月 13, 2018 9:52:09 上午 org.apache.catalina.startup.TldConfig execute
信息: At least one JAR was scanned for TLDs yet contained no TLDs. Enable debug logging for this logger for a complete list of JARs that were scanned but no TLDs were found in them. Skipping unneeded JARs during scanning can improve startup time and JSP compilation time.
十二月 13, 2018 9:52:09 上午 org.apache.catalina.startup.HostConfig deployDirectory
信息: Deployment of web application directory /Users/wangjianfeng/workspace/Tomcat/catalina-home/webapps/ROOT has finished in 1,470 ms
十二月 13, 2018 9:52:09 上午 org.apache.coyote.AbstractProtocol start
信息: Starting ProtocolHandler ["http-bio-8080"]
十二月 13, 2018 9:52:09 上午 org.apache.coyote.AbstractProtocol start
信息: Starting ProtocolHandler ["ajp-bio-8009"]
十二月 13, 2018 9:52:09 上午 org.apache.catalina.startup.Catalina start
信息: Server startup in 6928 ms
十二月 13, 2018 10:07:12 上午 org.apache.coyote.AbstractProtocol pause
信息: Pausing ProtocolHandler ["http-bio-8080"]
十二月 13, 2018 10:07:12 上午 org.apache.coyote.AbstractProtocol pause
信息: Pausing ProtocolHandler ["ajp-bio-8009"]
十二月 13, 2018 10:07:12 上午 org.apache.catalina.core.StandardService stopInternal
信息: Stopping service Catalina
十二月 13, 2018 10:07:12 上午 org.apache.coyote.AbstractProtocol stop
信息: Stopping ProtocolHandler ["http-bio-8080"]
十二月 13, 2018 10:07:12 上午 org.apache.coyote.AbstractProtocol stop
信息: Stopping ProtocolHandler ["ajp-bio-8009"]
十二月 13, 2018 10:07:12 上午 org.apache.coyote.AbstractProtocol destroy
信息: Destroying ProtocolHandler ["http-bio-8080"]
十二月 13, 2018 10:07:12 上午 org.apache.coyote.AbstractProtocol destroy
信息: Destroying ProtocolHandler ["ajp-bio-8009"]
十二月 13, 2018 10:19:32 上午 org.apache.catalina.startup.VersionLoggerListener log
信息: Server version:        Apache Tomcat/@VERSION@
十二月 13, 2018 10:19:32 上午 org.apache.catalina.startup.VersionLoggerListener log
信息: Server built:          @VERSION_BUILT@
十二月 13, 2018 10:19:32 上午 org.apache.catalina.startup.VersionLoggerListener log
信息: Server number:         @VERSION_NUMBER@
十二月 13, 2018 10:19:32 上午 org.apache.catalina.startup.VersionLoggerListener log
信息: OS Name:               Mac OS X
十二月 13, 2018 10:19:32 上午 org.apache.catalina.startup.VersionLoggerListener log
信息: OS Version:            10.12.6
十二月 13, 2018 10:19:32 上午 org.apache.catalina.startup.VersionLoggerListener log
信息: Architecture:          x86_64
十二月 13, 2018 10:19:32 上午 org.apache.catalina.startup.VersionLoggerListener log
信息: Java Home:             /Library/Java/JavaVirtualMachines/jdk1.8.0_152.jdk/Contents/Home/jre
十二月 13, 2018 10:19:32 上午 org.apache.catalina.startup.VersionLoggerListener log
信息: JVM Version:           1.8.0_152-b16
十二月 13, 2018 10:19:32 上午 org.apache.catalina.startup.VersionLoggerListener log
信息: JVM Vendor:            Oracle Corporation
十二月 13, 2018 10:19:32 上午 org.apache.catalina.startup.VersionLoggerListener log
信息: CATALINA_BASE:         /Users/wangjianfeng/workspace/Tomcat/catalina-home
十二月 13, 2018 10:19:32 上午 org.apache.catalina.startup.VersionLoggerListener log
信息: CATALINA_HOME:         /Users/wangjianfeng/workspace/Tomcat/catalina-home
十二月 13, 2018 10:19:32 上午 org.apache.catalina.startup.VersionLoggerListener log
信息: Command line argument: -agentlib:jdwp=transport=dt_socket,address=127.0.0.1:52956,suspend=y,server=n
十二月 13, 2018 10:19:32 上午 org.apache.catalina.startup.VersionLoggerListener log
信息: Command line argument: -Dcatalina.home=catalina-home
十二月 13, 2018 10:19:32 上午 org.apache.catalina.startup.VersionLoggerListener log
信息: Command line argument: -Dcatalina.base=catalina-home
十二月 13, 2018 10:19:32 上午 org.apache.catalina.startup.VersionLoggerListener log
信息: Command line argument: -Djava.endorsed.dirs=catalina-home/endorsed
十二月 13, 2018 10:19:32 上午 org.apache.catalina.startup.VersionLoggerListener log
信息: Command line argument: -Djava.io.tmpdir=catalina-home/temp
十二月 13, 2018 10:19:32 上午 org.apache.catalina.startup.VersionLoggerListener log
信息: Command line argument: -Djava.util.logging.manager=org.apache.juli.ClassLoaderLogManager
十二月 13, 2018 10:19:32 上午 org.apache.catalina.startup.VersionLoggerListener log
信息: Command line argument: -Djava.util.logging.config.file=catalina-home/conf/logging.properties
十二月 13, 2018 10:19:32 上午 org.apache.catalina.startup.VersionLoggerListener log
信息: Command line argument: -javaagent:/Users/wangjianfeng/Library/Caches/IntelliJIdea2017.3/captureAgent/debugger-agent.jar=/private/var/folders/dp/770f77594p5bqh5hwhjxnm700000gn/T/capture.props
十二月 13, 2018 10:19:32 上午 org.apache.catalina.startup.VersionLoggerListener log
信息: Command line argument: -Dfile.encoding=UTF-8
十二月 13, 2018 10:19:32 上午 org.apache.catalina.core.AprLifecycleListener lifecycleEvent
信息: The APR based Apache Tomcat Native library which allows optimal performance in production environments was not found on the java.library.path: /Users/wangjianfeng/Library/Java/Extensions:/Library/Java/Extensions:/Network/Library/Java/Extensions:/System/Library/Java/Extensions:/usr/lib/java:.
十二月 13, 2018 10:19:33 上午 org.apache.coyote.AbstractProtocol init
信息: Initializing ProtocolHandler ["http-bio-8080"]
十二月 13, 2018 10:19:33 上午 org.apache.coyote.AbstractProtocol init
信息: Initializing ProtocolHandler ["ajp-bio-8009"]
十二月 13, 2018 10:19:33 上午 org.apache.catalina.startup.Catalina load
信息: Initialization processed in 3921 ms
十二月 13, 2018 10:19:33 上午 org.apache.catalina.core.StandardService startInternal
信息: Starting service Catalina
十二月 13, 2018 10:19:33 上午 org.apache.catalina.core.StandardEngine startInternal
信息: Starting Servlet Engine: Apache Tomcat/@VERSION@
十二月 13, 2018 10:19:33 上午 org.apache.catalina.startup.HostConfig deployDirectory
信息: Deploying web application directory /Users/wangjianfeng/workspace/Tomcat/catalina-home/webapps/docs
十二月 13, 2018 10:19:36 上午 org.apache.catalina.startup.TldConfig execute
信息: At least one JAR was scanned for TLDs yet contained no TLDs. Enable debug logging for this logger for a complete list of JARs that were scanned but no TLDs were found in them. Skipping unneeded JARs during scanning can improve startup time and JSP compilation time.
十二月 13, 2018 10:19:36 上午 org.apache.catalina.startup.HostConfig deployDirectory
信息: Deployment of web application directory /Users/wangjianfeng/workspace/Tomcat/catalina-home/webapps/docs has finished in 2,317 ms
十二月 13, 2018 10:19:36 上午 org.apache.catalina.startup.HostConfig deployDirectory
信息: Deploying web application directory /Users/wangjianfeng/workspace/Tomcat/catalina-home/webapps/examples
十二月 13, 2018 10:19:38 上午 org.apache.catalina.startup.TldConfig execute
信息: At least one JAR was scanned for TLDs yet contained no TLDs. Enable debug logging for this logger for a complete list of JARs that were scanned but no TLDs were found in them. Skipping unneeded JARs during scanning can improve startup time and JSP compilation time.
十二月 13, 2018 10:19:38 上午 org.apache.catalina.startup.HostConfig deployDirectory
信息: Deployment of web application directory /Users/wangjianfeng/workspace/Tomcat/catalina-home/webapps/examples has finished in 1,949 ms
十二月 13, 2018 10:19:38 上午 org.apache.catalina.startup.HostConfig deployDirectory
信息: Deploying web application directory /Users/wangjianfeng/workspace/Tomcat/catalina-home/webapps/host-manager
十二月 13, 2018 10:19:38 上午 org.apache.catalina.startup.TldConfig execute
信息: At least one JAR was scanned for TLDs yet contained no TLDs. Enable debug logging for this logger for a complete list of JARs that were scanned but no TLDs were found in them. Skipping unneeded JARs during scanning can improve startup time and JSP compilation time.
十二月 13, 2018 10:19:38 上午 org.apache.catalina.startup.HostConfig deployDirectory
信息: Deployment of web application directory /Users/wangjianfeng/workspace/Tomcat/catalina-home/webapps/host-manager has finished in 69 ms
十二月 13, 2018 10:19:38 上午 org.apache.catalina.startup.HostConfig deployDirectory
信息: Deploying web application directory /Users/wangjianfeng/workspace/Tomcat/catalina-home/webapps/manager
十二月 13, 2018 10:19:38 上午 org.apache.catalina.startup.TldConfig execute
信息: At least one JAR was scanned for TLDs yet contained no TLDs. Enable debug logging for this logger for a complete list of JARs that were scanned but no TLDs were found in them. Skipping unneeded JARs during scanning can improve startup time and JSP compilation time.
十二月 13, 2018 10:19:38 上午 org.apache.catalina.startup.HostConfig deployDirectory
信息: Deployment of web application directory /Users/wangjianfeng/workspace/Tomcat/catalina-home/webapps/manager has finished in 96 ms
十二月 13, 2018 10:19:38 上午 org.apache.catalina.startup.HostConfig deployDirectory
信息: Deploying web application directory /Users/wangjianfeng/workspace/Tomcat/catalina-home/webapps/ROOT
十二月 13, 2018 10:19:39 上午 org.apache.catalina.startup.TldConfig execute
信息: At least one JAR was scanned for TLDs yet contained no TLDs. Enable debug logging for this logger for a complete list of JARs that were scanned but no TLDs were found in them. Skipping unneeded JARs during scanning can improve startup time and JSP compilation time.
十二月 13, 2018 10:19:39 上午 org.apache.catalina.startup.HostConfig deployDirectory
信息: Deployment of web application directory /Users/wangjianfeng/workspace/Tomcat/catalina-home/webapps/ROOT has finished in 1,274 ms
十二月 13, 2018 10:19:39 上午 org.apache.coyote.AbstractProtocol start
信息: Starting ProtocolHandler ["http-bio-8080"]
十二月 13, 2018 10:19:39 上午 org.apache.coyote.AbstractProtocol start
信息: Starting ProtocolHandler ["ajp-bio-8009"]
十二月 13, 2018 10:19:39 上午 org.apache.catalina.startup.Catalina start
信息: Server startup in 5963 ms
十二月 13, 2018 10:19:48 上午 org.apache.coyote.AbstractProtocol pause
信息: Pausing ProtocolHandler ["http-bio-8080"]
十二月 13, 2018 10:19:48 上午 org.apache.coyote.AbstractProtocol pause
信息: Pausing ProtocolHandler ["ajp-bio-8009"]
十二月 13, 2018 10:19:48 上午 org.apache.catalina.core.StandardService stopInternal
信息: Stopping service Catalina
十二月 13, 2018 10:19:48 上午 org.apache.coyote.AbstractProtocol stop
信息: Stopping ProtocolHandler ["http-bio-8080"]
十二月 13, 2018 10:19:48 上午 org.apache.coyote.AbstractProtocol stop
信息: Stopping ProtocolHandler ["ajp-bio-8009"]
十二月 13, 2018 10:19:48 上午 org.apache.coyote.AbstractProtocol destroy
信息: Destroying ProtocolHandler ["http-bio-8080"]
十二月 13, 2018 10:19:48 上午 org.apache.coyote.AbstractProtocol destroy
信息: Destroying ProtocolHandler ["ajp-bio-8009"]
十二月 13, 2018 11:20:47 上午 org.apache.catalina.startup.VersionLoggerListener log
信息: Server version:        Apache Tomcat/@VERSION@
十二月 13, 2018 11:20:47 上午 org.apache.catalina.startup.VersionLoggerListener log
信息: Server built:          @VERSION_BUILT@
十二月 13, 2018 11:20:47 上午 org.apache.catalina.startup.VersionLoggerListener log
信息: Server number:         @VERSION_NUMBER@
十二月 13, 2018 11:20:47 上午 org.apache.catalina.startup.VersionLoggerListener log
信息: OS Name:               Mac OS X
十二月 13, 2018 11:20:47 上午 org.apache.catalina.startup.VersionLoggerListener log
信息: OS Version:            10.12.6
十二月 13, 2018 11:20:47 上午 org.apache.catalina.startup.VersionLoggerListener log
信息: Architecture:          x86_64
十二月 13, 2018 11:20:47 上午 org.apache.catalina.startup.VersionLoggerListener log
信息: Java Home:             /Library/Java/JavaVirtualMachines/jdk1.8.0_152.jdk/Contents/Home/jre
十二月 13, 2018 11:20:47 上午 org.apache.catalina.startup.VersionLoggerListener log
信息: JVM Version:           1.8.0_152-b16
十二月 13, 2018 11:20:47 上午 org.apache.catalina.startup.VersionLoggerListener log
信息: JVM Vendor:            Oracle Corporation
十二月 13, 2018 11:20:47 上午 org.apache.catalina.startup.VersionLoggerListener log
信息: CATALINA_BASE:         /Users/wangjianfeng/workspace/Tomcat/catalina-home
十二月 13, 2018 11:20:47 上午 org.apache.catalina.startup.VersionLoggerListener log
信息: CATALINA_HOME:         /Users/wangjianfeng/workspace/Tomcat/catalina-home
十二月 13, 2018 11:20:47 上午 org.apache.catalina.startup.VersionLoggerListener log
信息: Command line argument: -agentlib:jdwp=transport=dt_socket,address=127.0.0.1:54319,suspend=y,server=n
十二月 13, 2018 11:20:47 上午 org.apache.catalina.startup.VersionLoggerListener log
信息: Command line argument: -Dcatalina.home=catalina-home
十二月 13, 2018 11:20:47 上午 org.apache.catalina.startup.VersionLoggerListener log
信息: Command line argument: -Dcatalina.base=catalina-home
十二月 13, 2018 11:20:47 上午 org.apache.catalina.startup.VersionLoggerListener log
信息: Command line argument: -Djava.endorsed.dirs=catalina-home/endorsed
十二月 13, 2018 11:20:47 上午 org.apache.catalina.startup.VersionLoggerListener log
信息: Command line argument: -Djava.io.tmpdir=catalina-home/temp
十二月 13, 2018 11:20:47 上午 org.apache.catalina.startup.VersionLoggerListener log
信息: Command line argument: -Djava.util.logging.manager=org.apache.juli.ClassLoaderLogManager
十二月 13, 2018 11:20:47 上午 org.apache.catalina.startup.VersionLoggerListener log
信息: Command line argument: -Djava.util.logging.config.file=catalina-home/conf/logging.properties
十二月 13, 2018 11:20:47 上午 org.apache.catalina.startup.VersionLoggerListener log
信息: Command line argument: -javaagent:/Users/wangjianfeng/Library/Caches/IntelliJIdea2017.3/captureAgent/debugger-agent.jar=/private/var/folders/dp/770f77594p5bqh5hwhjxnm700000gn/T/capture.props
十二月 13, 2018 11:20:47 上午 org.apache.catalina.startup.VersionLoggerListener log
信息: Command line argument: -Dfile.encoding=UTF-8
十二月 13, 2018 11:20:47 上午 org.apache.catalina.core.AprLifecycleListener lifecycleEvent
信息: The APR based Apache Tomcat Native library which allows optimal performance in production environments was not found on the java.library.path: /Users/wangjianfeng/Library/Java/Extensions:/Library/Java/Extensions:/Network/Library/Java/Extensions:/System/Library/Java/Extensions:/usr/lib/java:.
十二月 13, 2018 11:20:48 上午 org.apache.coyote.AbstractProtocol init
信息: Initializing ProtocolHandler ["http-bio-8080"]
十二月 13, 2018 11:20:48 上午 org.apache.coyote.AbstractProtocol init
信息: Initializing ProtocolHandler ["ajp-bio-8009"]
十二月 13, 2018 11:20:48 上午 org.apache.catalina.startup.Catalina load
信息: Initialization processed in 756 ms
十二月 13, 2018 11:20:48 上午 org.apache.catalina.core.StandardService startInternal
信息: Starting service Catalina
十二月 13, 2018 11:20:48 上午 org.apache.catalina.core.StandardEngine startInternal
信息: Starting Servlet Engine: Apache Tomcat/@VERSION@
十二月 13, 2018 11:20:48 上午 org.apache.catalina.startup.HostConfig deployDirectory
信息: Deploying web application directory /Users/wangjianfeng/workspace/Tomcat/catalina-home/webapps/docs
十二月 13, 2018 3:22:09 下午 org.apache.catalina.startup.VersionLoggerListener log
信息: Server version:        Apache Tomcat/@VERSION@
十二月 13, 2018 3:22:09 下午 org.apache.catalina.startup.VersionLoggerListener log
信息: Server built:          @VERSION_BUILT@
十二月 13, 2018 3:22:09 下午 org.apache.catalina.startup.VersionLoggerListener log
信息: Server number:         @VERSION_NUMBER@
十二月 13, 2018 3:22:09 下午 org.apache.catalina.startup.VersionLoggerListener log
信息: OS Name:               Mac OS X
十二月 13, 2018 3:22:09 下午 org.apache.catalina.startup.VersionLoggerListener log
信息: OS Version:            10.12.6
十二月 13, 2018 3:22:09 下午 org.apache.catalina.startup.VersionLoggerListener log
信息: Architecture:          x86_64
十二月 13, 2018 3:22:09 下午 org.apache.catalina.startup.VersionLoggerListener log
信息: Java Home:             /Library/Java/JavaVirtualMachines/jdk1.8.0_152.jdk/Contents/Home/jre
十二月 13, 2018 3:22:09 下午 org.apache.catalina.startup.VersionLoggerListener log
信息: JVM Version:           1.8.0_152-b16
十二月 13, 2018 3:22:09 下午 org.apache.catalina.startup.VersionLoggerListener log
信息: JVM Vendor:            Oracle Corporation
十二月 13, 2018 3:22:09 下午 org.apache.catalina.startup.VersionLoggerListener log
信息: CATALINA_BASE:         /Users/wangjianfeng/workspace/Tomcat/catalina-home
十二月 13, 2018 3:22:09 下午 org.apache.catalina.startup.VersionLoggerListener log
信息: CATALINA_HOME:         /Users/wangjianfeng/workspace/Tomcat/catalina-home
十二月 13, 2018 3:22:09 下午 org.apache.catalina.startup.VersionLoggerListener log
信息: Command line argument: -agentlib:jdwp=transport=dt_socket,address=127.0.0.1:58102,suspend=y,server=n
十二月 13, 2018 3:22:09 下午 org.apache.catalina.startup.VersionLoggerListener log
信息: Command line argument: -Dcatalina.home=catalina-home
十二月 13, 2018 3:22:09 下午 org.apache.catalina.startup.VersionLoggerListener log
信息: Command line argument: -Dcatalina.base=catalina-home
十二月 13, 2018 3:22:09 下午 org.apache.catalina.startup.VersionLoggerListener log
信息: Command line argument: -Djava.endorsed.dirs=catalina-home/endorsed
十二月 13, 2018 3:22:09 下午 org.apache.catalina.startup.VersionLoggerListener log
信息: Command line argument: -Djava.io.tmpdir=catalina-home/temp
十二月 13, 2018 3:22:09 下午 org.apache.catalina.startup.VersionLoggerListener log
信息: Command line argument: -Djava.util.logging.manager=org.apache.juli.ClassLoaderLogManager
十二月 13, 2018 3:22:09 下午 org.apache.catalina.startup.VersionLoggerListener log
信息: Command line argument: -Djava.util.logging.config.file=catalina-home/conf/logging.properties
十二月 13, 2018 3:22:09 下午 org.apache.catalina.startup.VersionLoggerListener log
信息: Command line argument: -javaagent:/Users/wangjianfeng/Library/Caches/IntelliJIdea2017.3/captureAgent/debugger-agent.jar=/private/var/folders/dp/770f77594p5bqh5hwhjxnm700000gn/T/capture.props
十二月 13, 2018 3:22:09 下午 org.apache.catalina.startup.VersionLoggerListener log
信息: Command line argument: -Dfile.encoding=UTF-8
十二月 13, 2018 3:22:09 下午 org.apache.catalina.core.AprLifecycleListener lifecycleEvent
信息: The APR based Apache Tomcat Native library which allows optimal performance in production environments was not found on the java.library.path: /Users/wangjianfeng/Library/Java/Extensions:/Library/Java/Extensions:/Network/Library/Java/Extensions:/System/Library/Java/Extensions:/usr/lib/java:.
十二月 13, 2018 4:05:37 下午 org.apache.catalina.startup.VersionLoggerListener log
信息: Server version:        Apache Tomcat/@VERSION@
十二月 13, 2018 4:05:37 下午 org.apache.catalina.startup.VersionLoggerListener log
信息: Server built:          @VERSION_BUILT@
十二月 13, 2018 4:05:37 下午 org.apache.catalina.startup.VersionLoggerListener log
信息: Server number:         @VERSION_NUMBER@
十二月 13, 2018 4:05:37 下午 org.apache.catalina.startup.VersionLoggerListener log
信息: OS Name:               Mac OS X
十二月 13, 2018 4:05:37 下午 org.apache.catalina.startup.VersionLoggerListener log
信息: OS Version:            10.12.6
十二月 13, 2018 4:05:37 下午 org.apache.catalina.startup.VersionLoggerListener log
信息: Architecture:          x86_64
十二月 13, 2018 4:05:37 下午 org.apache.catalina.startup.VersionLoggerListener log
信息: Java Home:             /Library/Java/JavaVirtualMachines/jdk1.8.0_152.jdk/Contents/Home/jre
十二月 13, 2018 4:05:37 下午 org.apache.catalina.startup.VersionLoggerListener log
信息: JVM Version:           1.8.0_152-b16
十二月 13, 2018 4:05:37 下午 org.apache.catalina.startup.VersionLoggerListener log
信息: JVM Vendor:            Oracle Corporation
十二月 13, 2018 4:05:37 下午 org.apache.catalina.startup.VersionLoggerListener log
信息: CATALINA_BASE:         /Users/wangjianfeng/workspace/Tomcat/catalina-home
十二月 13, 2018 4:05:37 下午 org.apache.catalina.startup.VersionLoggerListener log
信息: CATALINA_HOME:         /Users/wangjianfeng/workspace/Tomcat/catalina-home
十二月 13, 2018 4:05:37 下午 org.apache.catalina.startup.VersionLoggerListener log
信息: Command line argument: -agentlib:jdwp=transport=dt_socket,address=127.0.0.1:58562,suspend=y,server=n
十二月 13, 2018 4:05:37 下午 org.apache.catalina.startup.VersionLoggerListener log
信息: Command line argument: -Dcatalina.home=catalina-home
十二月 13, 2018 4:05:37 下午 org.apache.catalina.startup.VersionLoggerListener log
信息: Command line argument: -Dcatalina.base=catalina-home
十二月 13, 2018 4:05:37 下午 org.apache.catalina.startup.VersionLoggerListener log
信息: Command line argument: -Djava.endorsed.dirs=catalina-home/endorsed
十二月 13, 2018 4:05:37 下午 org.apache.catalina.startup.VersionLoggerListener log
信息: Command line argument: -Djava.io.tmpdir=catalina-home/temp
十二月 13, 2018 4:05:37 下午 org.apache.catalina.startup.VersionLoggerListener log
信息: Command line argument: -Djava.util.logging.manager=org.apache.juli.ClassLoaderLogManager
十二月 13, 2018 4:05:37 下午 org.apache.catalina.startup.VersionLoggerListener log
信息: Command line argument: -Djava.util.logging.config.file=catalina-home/conf/logging.properties
十二月 13, 2018 4:05:37 下午 org.apache.catalina.startup.VersionLoggerListener log
信息: Command line argument: -javaagent:/Users/wangjianfeng/Library/Caches/IntelliJIdea2017.3/captureAgent/debugger-agent.jar=/private/var/folders/dp/770f77594p5bqh5hwhjxnm700000gn/T/capture.props
十二月 13, 2018 4:05:37 下午 org.apache.catalina.startup.VersionLoggerListener log
信息: Command line argument: -Dfile.encoding=UTF-8
十二月 13, 2018 4:05:37 下午 org.apache.catalina.core.AprLifecycleListener lifecycleEvent
信息: The APR based Apache Tomcat Native library which allows optimal performance in production environments was not found on the java.library.path: /Users/wangjianfeng/Library/Java/Extensions:/Library/Java/Extensions:/Network/Library/Java/Extensions:/System/Library/Java/Extensions:/usr/lib/java:.
十二月 13, 2018 4:05:37 下午 org.apache.coyote.AbstractProtocol init
信息: Initializing ProtocolHandler ["http-bio-8080"]
十二月 13, 2018 4:05:37 下午 org.apache.coyote.AbstractProtocol init
信息: Initializing ProtocolHandler ["ajp-bio-8009"]
十二月 13, 2018 4:05:37 下午 org.apache.catalina.startup.Catalina load
信息: Initialization processed in 483031 ms
十二月 13, 2018 4:05:37 下午 org.apache.catalina.core.StandardService startInternal
信息: Starting service Catalina
十二月 13, 2018 4:05:37 下午 org.apache.catalina.core.StandardEngine startInternal
信息: Starting Servlet Engine: Apache Tomcat/@VERSION@
十二月 13, 2018 4:05:37 下午 org.apache.catalina.startup.HostConfig deployDirectory
信息: Deploying web application directory /Users/wangjianfeng/workspace/Tomcat/catalina-home/webapps/docs
十二月 13, 2018 4:05:39 下午 org.apache.catalina.startup.TldConfig execute
信息: At least one JAR was scanned for TLDs yet contained no TLDs. Enable debug logging for this logger for a complete list of JARs that were scanned but no TLDs were found in them. Skipping unneeded JARs during scanning can improve startup time and JSP compilation time.
十二月 13, 2018 4:05:39 下午 org.apache.catalina.startup.HostConfig deployDirectory
信息: Deployment of web application directory /Users/wangjianfeng/workspace/Tomcat/catalina-home/webapps/docs has finished in 2,041 ms
十二月 13, 2018 4:05:39 下午 org.apache.catalina.startup.HostConfig deployDirectory
信息: Deploying web application directory /Users/wangjianfeng/workspace/Tomcat/catalina-home/webapps/examples
十二月 13, 2018 4:05:41 下午 org.apache.catalina.startup.TldConfig execute
信息: At least one JAR was scanned for TLDs yet contained no TLDs. Enable debug logging for this logger for a complete list of JARs that were scanned but no TLDs were found in them. Skipping unneeded JARs during scanning can improve startup time and JSP compilation time.
十二月 13, 2018 4:05:41 下午 org.apache.catalina.startup.HostConfig deployDirectory
信息: Deployment of web application directory /Users/wangjianfeng/workspace/Tomcat/catalina-home/webapps/examples has finished in 1,949 ms
十二月 13, 2018 4:05:41 下午 org.apache.catalina.startup.HostConfig deployDirectory
信息: Deploying web application directory /Users/wangjianfeng/workspace/Tomcat/catalina-home/webapps/host-manager
十二月 13, 2018 4:05:41 下午 org.apache.catalina.startup.TldConfig execute
信息: At least one JAR was scanned for TLDs yet contained no TLDs. Enable debug logging for this logger for a complete list of JARs that were scanned but no TLDs were found in them. Skipping unneeded JARs during scanning can improve startup time and JSP compilation time.
十二月 13, 2018 4:05:41 下午 org.apache.catalina.startup.HostConfig deployDirectory
信息: Deployment of web application directory /Users/wangjianfeng/workspace/Tomcat/catalina-home/webapps/host-manager has finished in 76 ms
十二月 13, 2018 4:05:41 下午 org.apache.catalina.startup.HostConfig deployDirectory
信息: Deploying web application directory /Users/wangjianfeng/workspace/Tomcat/catalina-home/webapps/manager
十二月 13, 2018 4:05:41 下午 org.apache.catalina.startup.TldConfig execute
信息: At least one JAR was scanned for TLDs yet contained no TLDs. Enable debug logging for this logger for a complete list of JARs that were scanned but no TLDs were found in them. Skipping unneeded JARs during scanning can improve startup time and JSP compilation time.
十二月 13, 2018 4:05:41 下午 org.apache.catalina.startup.HostConfig deployDirectory
信息: Deployment of web application directory /Users/wangjianfeng/workspace/Tomcat/catalina-home/webapps/manager has finished in 69 ms
十二月 13, 2018 4:05:41 下午 org.apache.catalina.startup.HostConfig deployDirectory
信息: Deploying web application directory /Users/wangjianfeng/workspace/Tomcat/catalina-home/webapps/ROOT
十二月 13, 2018 4:05:42 下午 org.apache.catalina.startup.TldConfig execute
信息: At least one JAR was scanned for TLDs yet contained no TLDs. Enable debug logging for this logger for a complete list of JARs that were scanned but no TLDs were found in them. Skipping unneeded JARs during scanning can improve startup time and JSP compilation time.
十二月 13, 2018 4:05:42 下午 org.apache.catalina.startup.HostConfig deployDirectory
信息: Deployment of web application directory /Users/wangjianfeng/workspace/Tomcat/catalina-home/webapps/ROOT has finished in 1,218 ms
十二月 13, 2018 4:05:42 下午 org.apache.coyote.AbstractProtocol start
信息: Starting ProtocolHandler ["http-bio-8080"]
十二月 13, 2018 4:05:42 下午 org.apache.coyote.AbstractProtocol start
信息: Starting ProtocolHandler ["ajp-bio-8009"]
十二月 13, 2018 4:05:42 下午 org.apache.catalina.startup.Catalina start
信息: Server startup in 5408 ms
十二月 13, 2018 4:05:54 下午 org.apache.coyote.AbstractProtocol pause
信息: Pausing ProtocolHandler ["http-bio-8080"]
十二月 13, 2018 4:05:54 下午 org.apache.coyote.AbstractProtocol pause
信息: Pausing ProtocolHandler ["ajp-bio-8009"]
十二月 13, 2018 4:05:54 下午 org.apache.catalina.core.StandardService stopInternal
信息: Stopping service Catalina
十二月 13, 2018 4:05:54 下午 org.apache.coyote.AbstractProtocol stop
信息: Stopping ProtocolHandler ["http-bio-8080"]
十二月 13, 2018 4:05:54 下午 org.apache.coyote.AbstractProtocol stop
信息: Stopping ProtocolHandler ["ajp-bio-8009"]
十二月 13, 2018 4:05:54 下午 org.apache.coyote.AbstractProtocol destroy
信息: Destroying ProtocolHandler ["http-bio-8080"]
十二月 13, 2018 4:05:54 下午 org.apache.coyote.AbstractProtocol destroy
信息: Destroying ProtocolHandler ["ajp-bio-8009"]
十二月 13, 2018 4:06:02 下午 org.apache.catalina.startup.VersionLoggerListener log
信息: Server version:        Apache Tomcat/@VERSION@
十二月 13, 2018 4:06:02 下午 org.apache.catalina.startup.VersionLoggerListener log
信息: Server built:          @VERSION_BUILT@
十二月 13, 2018 4:06:02 下午 org.apache.catalina.startup.VersionLoggerListener log
信息: Server number:         @VERSION_NUMBER@
十二月 13, 2018 4:06:02 下午 org.apache.catalina.startup.VersionLoggerListener log
信息: OS Name:               Mac OS X
十二月 13, 2018 4:06:02 下午 org.apache.catalina.startup.VersionLoggerListener log
信息: OS Version:            10.12.6
十二月 13, 2018 4:06:02 下午 org.apache.catalina.startup.VersionLoggerListener log
信息: Architecture:          x86_64
十二月 13, 2018 4:06:02 下午 org.apache.catalina.startup.VersionLoggerListener log
信息: Java Home:             /Library/Java/JavaVirtualMachines/jdk1.8.0_152.jdk/Contents/Home/jre
十二月 13, 2018 4:06:02 下午 org.apache.catalina.startup.VersionLoggerListener log
信息: JVM Version:           1.8.0_152-b16
十二月 13, 2018 4:06:02 下午 org.apache.catalina.startup.VersionLoggerListener log
信息: JVM Vendor:            Oracle Corporation
十二月 13, 2018 4:06:02 下午 org.apache.catalina.startup.VersionLoggerListener log
信息: CATALINA_BASE:         /Users/wangjianfeng/workspace/Tomcat/catalina-home
十二月 13, 2018 4:06:02 下午 org.apache.catalina.startup.VersionLoggerListener log
信息: CATALINA_HOME:         /Users/wangjianfeng/workspace/Tomcat/catalina-home
十二月 13, 2018 4:06:02 下午 org.apache.catalina.startup.VersionLoggerListener log
信息: Command line argument: -agentlib:jdwp=transport=dt_socket,address=127.0.0.1:58655,suspend=y,server=n
十二月 13, 2018 4:06:02 下午 org.apache.catalina.startup.VersionLoggerListener log
信息: Command line argument: -Dcatalina.home=catalina-home
十二月 13, 2018 4:06:02 下午 org.apache.catalina.startup.VersionLoggerListener log
信息: Command line argument: -Dcatalina.base=catalina-home
十二月 13, 2018 4:06:02 下午 org.apache.catalina.startup.VersionLoggerListener log
信息: Command line argument: -Djava.endorsed.dirs=catalina-home/endorsed
十二月 13, 2018 4:06:02 下午 org.apache.catalina.startup.VersionLoggerListener log
信息: Command line argument: -Djava.io.tmpdir=catalina-home/temp
十二月 13, 2018 4:06:02 下午 org.apache.catalina.startup.VersionLoggerListener log
信息: Command line argument: -Djava.util.logging.manager=org.apache.juli.ClassLoaderLogManager
十二月 13, 2018 4:06:02 下午 org.apache.catalina.startup.VersionLoggerListener log
信息: Command line argument: -Djava.util.logging.config.file=catalina-home/conf/logging.properties
十二月 13, 2018 4:06:02 下午 org.apache.catalina.startup.VersionLoggerListener log
信息: Command line argument: -javaagent:/Users/wangjianfeng/Library/Caches/IntelliJIdea2017.3/captureAgent/debugger-agent.jar=/private/var/folders/dp/770f77594p5bqh5hwhjxnm700000gn/T/capture.props
十二月 13, 2018 4:06:02 下午 org.apache.catalina.startup.VersionLoggerListener log
信息: Command line argument: -Dfile.encoding=UTF-8
十二月 13, 2018 4:06:02 下午 org.apache.catalina.core.AprLifecycleListener lifecycleEvent
信息: The APR based Apache Tomcat Native library which allows optimal performance in production environments was not found on the java.library.path: /Users/wangjianfeng/Library/Java/Extensions:/Library/Java/Extensions:/Network/Library/Java/Extensions:/System/Library/Java/Extensions:/usr/lib/java:.
十二月 13, 2018 4:06:03 下午 org.apache.coyote.AbstractProtocol init
信息: Initializing ProtocolHandler ["http-bio-8080"]
十二月 13, 2018 4:06:03 下午 org.apache.coyote.AbstractProtocol init
信息: Initializing ProtocolHandler ["ajp-bio-8009"]
十二月 13, 2018 4:06:03 下午 org.apache.catalina.startup.Catalina load
信息: Initialization processed in 757 ms
十二月 13, 2018 4:06:03 下午 org.apache.catalina.core.StandardService startInternal
信息: Starting service Catalina
十二月 13, 2018 4:06:03 下午 org.apache.catalina.core.StandardEngine startInternal
信息: Starting Servlet Engine: Apache Tomcat/@VERSION@
十二月 13, 2018 4:06:03 下午 org.apache.catalina.startup.HostConfig deployDirectory
信息: Deploying web application directory /Users/wangjianfeng/workspace/Tomcat/catalina-home/webapps/docs
十二月 13, 2018 4:06:05 下午 org.apache.catalina.startup.TldConfig execute
信息: At least one JAR was scanned for TLDs yet contained no TLDs. Enable debug logging for this logger for a complete list of JARs that were scanned but no TLDs were found in them. Skipping unneeded JARs during scanning can improve startup time and JSP compilation time.
十二月 13, 2018 4:06:05 下午 org.apache.catalina.startup.HostConfig deployDirectory
信息: Deployment of web application directory /Users/wangjianfeng/workspace/Tomcat/catalina-home/webapps/docs has finished in 2,179 ms
十二月 13, 2018 4:06:05 下午 org.apache.catalina.startup.HostConfig deployDirectory
信息: Deploying web application directory /Users/wangjianfeng/workspace/Tomcat/catalina-home/webapps/examples
十二月 13, 2018 4:06:07 下午 org.apache.catalina.startup.TldConfig execute
信息: At least one JAR was scanned for TLDs yet contained no TLDs. Enable debug logging for this logger for a complete list of JARs that were scanned but no TLDs were found in them. Skipping unneeded JARs during scanning can improve startup time and JSP compilation time.
十二月 13, 2018 4:06:07 下午 org.apache.catalina.startup.HostConfig deployDirectory
信息: Deployment of web application directory /Users/wangjianfeng/workspace/Tomcat/catalina-home/webapps/examples has finished in 2,026 ms
十二月 13, 2018 4:06:07 下午 org.apache.catalina.startup.HostConfig deployDirectory
信息: Deploying web application directory /Users/wangjianfeng/workspace/Tomcat/catalina-home/webapps/host-manager
十二月 13, 2018 4:06:07 下午 org.apache.catalina.startup.TldConfig execute
信息: At least one JAR was scanned for TLDs yet contained no TLDs. Enable debug logging for this logger for a complete list of JARs that were scanned but no TLDs were found in them. Skipping unneeded JARs during scanning can improve startup time and JSP compilation time.
十二月 13, 2018 4:06:07 下午 org.apache.catalina.startup.HostConfig deployDirectory
信息: Deployment of web application directory /Users/wangjianfeng/workspace/Tomcat/catalina-home/webapps/host-manager has finished in 87 ms
十二月 13, 2018 4:06:07 下午 org.apache.catalina.startup.HostConfig deployDirectory
信息: Deploying web application directory /Users/wangjianfeng/workspace/Tomcat/catalina-home/webapps/manager
十二月 13, 2018 4:06:07 下午 org.apache.catalina.startup.TldConfig execute
信息: At least one JAR was scanned for TLDs yet contained no TLDs. Enable debug logging for this logger for a complete list of JARs that were scanned but no TLDs were found in them. Skipping unneeded JARs during scanning can improve startup time and JSP compilation time.
十二月 13, 2018 4:06:07 下午 org.apache.catalina.startup.HostConfig deployDirectory
信息: Deployment of web application directory /Users/wangjianfeng/workspace/Tomcat/catalina-home/webapps/manager has finished in 74 ms
十二月 13, 2018 4:06:07 下午 org.apache.catalina.startup.HostConfig deployDirectory
信息: Deploying web application directory /Users/wangjianfeng/workspace/Tomcat/catalina-home/webapps/ROOT
十二月 13, 2018 4:06:08 下午 org.apache.catalina.startup.TldConfig execute
信息: At least one JAR was scanned for TLDs yet contained no TLDs. Enable debug logging for this logger for a complete list of JARs that were scanned but no TLDs were found in them. Skipping unneeded JARs during scanning can improve startup time and JSP compilation time.
十二月 13, 2018 4:06:08 下午 org.apache.catalina.startup.HostConfig deployDirectory
信息: Deployment of web application directory /Users/wangjianfeng/workspace/Tomcat/catalina-home/webapps/ROOT has finished in 1,154 ms
十二月 13, 2018 4:06:08 下午 org.apache.coyote.AbstractProtocol start
信息: Starting ProtocolHandler ["http-bio-8080"]
十二月 13, 2018 4:06:08 下午 org.apache.coyote.AbstractProtocol start
信息: Starting ProtocolHandler ["ajp-bio-8009"]
十二月 13, 2018 4:06:08 下午 org.apache.catalina.startup.Catalina start
信息: Server startup in 5631 ms
十二月 13, 2018 4:06:44 下午 org.apache.coyote.AbstractProtocol pause
信息: Pausing ProtocolHandler ["http-bio-8080"]
十二月 13, 2018 4:06:44 下午 org.apache.coyote.AbstractProtocol pause
信息: Pausing ProtocolHandler ["ajp-bio-8009"]
十二月 13, 2018 4:06:44 下午 org.apache.catalina.core.StandardService stopInternal
信息: Stopping service Catalina
十二月 13, 2018 4:06:44 下午 org.apache.coyote.AbstractProtocol stop
信息: Stopping ProtocolHandler ["http-bio-8080"]
十二月 13, 2018 4:06:44 下午 org.apache.coyote.AbstractProtocol stop
信息: Stopping ProtocolHandler ["ajp-bio-8009"]
十二月 13, 2018 4:06:44 下午 org.apache.coyote.AbstractProtocol destroy
信息: Destroying ProtocolHandler ["http-bio-8080"]
十二月 13, 2018 4:06:44 下午 org.apache.coyote.AbstractProtocol destroy
信息: Destroying ProtocolHandler ["ajp-bio-8009"]
十二月 13, 2018 4:07:14 下午 org.apache.catalina.startup.VersionLoggerListener log
信息: Server version:        Apache Tomcat/@VERSION@
十二月 13, 2018 4:07:14 下午 org.apache.catalina.startup.VersionLoggerListener log
信息: Server built:          @VERSION_BUILT@
十二月 13, 2018 4:07:14 下午 org.apache.catalina.startup.VersionLoggerListener log
信息: Server number:         @VERSION_NUMBER@
十二月 13, 2018 4:07:14 下午 org.apache.catalina.startup.VersionLoggerListener log
信息: OS Name:               Mac OS X
十二月 13, 2018 4:07:14 下午 org.apache.catalina.startup.VersionLoggerListener log
信息: OS Version:            10.12.6
十二月 13, 2018 4:07:14 下午 org.apache.catalina.startup.VersionLoggerListener log
信息: Architecture:          x86_64
十二月 13, 2018 4:07:14 下午 org.apache.catalina.startup.VersionLoggerListener log
信息: Java Home:             /Library/Java/JavaVirtualMachines/jdk1.8.0_152.jdk/Contents/Home/jre
十二月 13, 2018 4:07:14 下午 org.apache.catalina.startup.VersionLoggerListener log
信息: JVM Version:           1.8.0_152-b16
十二月 13, 2018 4:07:14 下午 org.apache.catalina.startup.VersionLoggerListener log
信息: JVM Vendor:            Oracle Corporation
十二月 13, 2018 4:07:14 下午 org.apache.catalina.startup.VersionLoggerListener log
信息: CATALINA_BASE:         /Users/wangjianfeng/workspace/Tomcat/catalina-home
十二月 13, 2018 4:07:14 下午 org.apache.catalina.startup.VersionLoggerListener log
信息: CATALINA_HOME:         /Users/wangjianfeng/workspace/Tomcat/catalina-home
十二月 13, 2018 4:07:14 下午 org.apache.catalina.startup.VersionLoggerListener log
信息: Command line argument: -agentlib:jdwp=transport=dt_socket,address=127.0.0.1:58671,suspend=y,server=n
十二月 13, 2018 4:07:14 下午 org.apache.catalina.startup.VersionLoggerListener log
信息: Command line argument: -Dcatalina.home=catalina-home
十二月 13, 2018 4:07:14 下午 org.apache.catalina.startup.VersionLoggerListener log
信息: Command line argument: -Dcatalina.base=catalina-home
十二月 13, 2018 4:07:14 下午 org.apache.catalina.startup.VersionLoggerListener log
信息: Command line argument: -Djava.endorsed.dirs=catalina-home/endorsed
十二月 13, 2018 4:07:14 下午 org.apache.catalina.startup.VersionLoggerListener log
信息: Command line argument: -Djava.io.tmpdir=catalina-home/temp
十二月 13, 2018 4:07:14 下午 org.apache.catalina.startup.VersionLoggerListener log
信息: Command line argument: -Djava.util.logging.manager=org.apache.juli.ClassLoaderLogManager
十二月 13, 2018 4:07:14 下午 org.apache.catalina.startup.VersionLoggerListener log
信息: Command line argument: -Djava.util.logging.config.file=catalina-home/conf/logging.properties
十二月 13, 2018 4:07:14 下午 org.apache.catalina.startup.VersionLoggerListener log
信息: Command line argument: -javaagent:/Users/wangjianfeng/Library/Caches/IntelliJIdea2017.3/captureAgent/debugger-agent.jar=/private/var/folders/dp/770f77594p5bqh5hwhjxnm700000gn/T/capture.props
十二月 13, 2018 4:07:14 下午 org.apache.catalina.startup.VersionLoggerListener log
信息: Command line argument: -Dfile.encoding=UTF-8
十二月 13, 2018 4:07:14 下午 org.apache.catalina.core.AprLifecycleListener lifecycleEvent
信息: The APR based Apache Tomcat Native library which allows optimal performance in production environments was not found on the java.library.path: /Users/wangjianfeng/Library/Java/Extensions:/Library/Java/Extensions:/Network/Library/Java/Extensions:/System/Library/Java/Extensions:/usr/lib/java:.
十二月 13, 2018 4:31:37 下午 org.apache.catalina.startup.VersionLoggerListener log
信息: Server version:        Apache Tomcat/@VERSION@
十二月 13, 2018 4:31:37 下午 org.apache.catalina.startup.VersionLoggerListener log
信息: Server built:          @VERSION_BUILT@
十二月 13, 2018 4:31:37 下午 org.apache.catalina.startup.VersionLoggerListener log
信息: Server number:         @VERSION_NUMBER@
十二月 13, 2018 4:31:37 下午 org.apache.catalina.startup.VersionLoggerListener log
信息: OS Name:               Mac OS X
十二月 13, 2018 4:31:37 下午 org.apache.catalina.startup.VersionLoggerListener log
信息: OS Version:            10.12.6
十二月 13, 2018 4:31:37 下午 org.apache.catalina.startup.VersionLoggerListener log
信息: Architecture:          x86_64
十二月 13, 2018 4:31:37 下午 org.apache.catalina.startup.VersionLoggerListener log
信息: Java Home:             /Library/Java/JavaVirtualMachines/jdk1.8.0_152.jdk/Contents/Home/jre
十二月 13, 2018 4:31:37 下午 org.apache.catalina.startup.VersionLoggerListener log
信息: JVM Version:           1.8.0_152-b16
十二月 13, 2018 4:31:37 下午 org.apache.catalina.startup.VersionLoggerListener log
信息: JVM Vendor:            Oracle Corporation
十二月 13, 2018 4:31:37 下午 org.apache.catalina.startup.VersionLoggerListener log
信息: CATALINA_BASE:         /Users/wangjianfeng/workspace/Tomcat/catalina-home
十二月 13, 2018 4:31:37 下午 org.apache.catalina.startup.VersionLoggerListener log
信息: CATALINA_HOME:         /Users/wangjianfeng/workspace/Tomcat/catalina-home
十二月 13, 2018 4:31:37 下午 org.apache.catalina.startup.VersionLoggerListener log
信息: Command line argument: -agentlib:jdwp=transport=dt_socket,address=127.0.0.1:58916,suspend=y,server=n
十二月 13, 2018 4:31:37 下午 org.apache.catalina.startup.VersionLoggerListener log
信息: Command line argument: -Dcatalina.home=catalina-home
十二月 13, 2018 4:31:37 下午 org.apache.catalina.startup.VersionLoggerListener log
信息: Command line argument: -Dcatalina.base=catalina-home
十二月 13, 2018 4:31:37 下午 org.apache.catalina.startup.VersionLoggerListener log
信息: Command line argument: -Djava.endorsed.dirs=catalina-home/endorsed
十二月 13, 2018 4:31:37 下午 org.apache.catalina.startup.VersionLoggerListener log
信息: Command line argument: -Djava.io.tmpdir=catalina-home/temp
十二月 13, 2018 4:31:37 下午 org.apache.catalina.startup.VersionLoggerListener log
信息: Command line argument: -Djava.util.logging.manager=org.apache.juli.ClassLoaderLogManager
十二月 13, 2018 4:31:37 下午 org.apache.catalina.startup.VersionLoggerListener log
信息: Command line argument: -Djava.util.logging.config.file=catalina-home/conf/logging.properties
十二月 13, 2018 4:31:37 下午 org.apache.catalina.startup.VersionLoggerListener log
信息: Command line argument: -javaagent:/Users/wangjianfeng/Library/Caches/IntelliJIdea2017.3/captureAgent/debugger-agent.jar=/private/var/folders/dp/770f77594p5bqh5hwhjxnm700000gn/T/capture.props
十二月 13, 2018 4:31:37 下午 org.apache.catalina.startup.VersionLoggerListener log
信息: Command line argument: -Dfile.encoding=UTF-8
十二月 13, 2018 4:31:37 下午 org.apache.catalina.core.AprLifecycleListener lifecycleEvent
信息: The APR based Apache Tomcat Native library which allows optimal performance in production environments was not found on the java.library.path: /Users/wangjianfeng/Library/Java/Extensions:/Library/Java/Extensions:/Network/Library/Java/Extensions:/System/Library/Java/Extensions:/usr/lib/java:.
十二月 13, 2018 4:35:03 下午 org.apache.catalina.startup.VersionLoggerListener log
信息: Server version:        Apache Tomcat/@VERSION@
十二月 13, 2018 4:35:03 下午 org.apache.catalina.startup.VersionLoggerListener log
信息: Server built:          @VERSION_BUILT@
十二月 13, 2018 4:35:03 下午 org.apache.catalina.startup.VersionLoggerListener log
信息: Server number:         @VERSION_NUMBER@
十二月 13, 2018 4:35:03 下午 org.apache.catalina.startup.VersionLoggerListener log
信息: OS Name:               Mac OS X
十二月 13, 2018 4:35:03 下午 org.apache.catalina.startup.VersionLoggerListener log
信息: OS Version:            10.12.6
十二月 13, 2018 4:35:03 下午 org.apache.catalina.startup.VersionLoggerListener log
信息: Architecture:          x86_64
十二月 13, 2018 4:35:03 下午 org.apache.catalina.startup.VersionLoggerListener log
信息: Java Home:             /Library/Java/JavaVirtualMachines/jdk1.8.0_152.jdk/Contents/Home/jre
十二月 13, 2018 4:35:03 下午 org.apache.catalina.startup.VersionLoggerListener log
信息: JVM Version:           1.8.0_152-b16
十二月 13, 2018 4:35:03 下午 org.apache.catalina.startup.VersionLoggerListener log
信息: JVM Vendor:            Oracle Corporation
十二月 13, 2018 4:35:03 下午 org.apache.catalina.startup.VersionLoggerListener log
信息: CATALINA_BASE:         /Users/wangjianfeng/workspace/Tomcat/catalina-home
十二月 13, 2018 4:35:03 下午 org.apache.catalina.startup.VersionLoggerListener log
信息: CATALINA_HOME:         /Users/wangjianfeng/workspace/Tomcat/catalina-home
十二月 13, 2018 4:35:03 下午 org.apache.catalina.startup.VersionLoggerListener log
信息: Command line argument: -agentlib:jdwp=transport=dt_socket,address=127.0.0.1:58679,suspend=y,server=n
十二月 13, 2018 4:35:03 下午 org.apache.catalina.startup.VersionLoggerListener log
信息: Command line argument: -Dcatalina.home=catalina-home
十二月 13, 2018 4:35:03 下午 org.apache.catalina.startup.VersionLoggerListener log
信息: Command line argument: -Dcatalina.base=catalina-home
十二月 13, 2018 4:35:03 下午 org.apache.catalina.startup.VersionLoggerListener log
信息: Command line argument: -Djava.endorsed.dirs=catalina-home/endorsed
十二月 13, 2018 4:35:03 下午 org.apache.catalina.startup.VersionLoggerListener log
信息: Command line argument: -Djava.io.tmpdir=catalina-home/temp
十二月 13, 2018 4:35:03 下午 org.apache.catalina.startup.VersionLoggerListener log
信息: Command line argument: -Djava.util.logging.manager=org.apache.juli.ClassLoaderLogManager
十二月 13, 2018 4:35:03 下午 org.apache.catalina.startup.VersionLoggerListener log
信息: Command line argument: -Djava.util.logging.config.file=catalina-home/conf/logging.properties
十二月 13, 2018 4:35:03 下午 org.apache.catalina.startup.VersionLoggerListener log
信息: Command line argument: -javaagent:/Users/wangjianfeng/Library/Caches/IntelliJIdea2017.3/captureAgent/debugger-agent.jar=/private/var/folders/dp/770f77594p5bqh5hwhjxnm700000gn/T/capture.props
十二月 13, 2018 4:41:27 下午 org.apache.catalina.startup.VersionLoggerListener log
信息: Server version:        Apache Tomcat/@VERSION@
十二月 13, 2018 4:41:27 下午 org.apache.catalina.startup.VersionLoggerListener log
信息: Server built:          @VERSION_BUILT@
十二月 13, 2018 4:41:27 下午 org.apache.catalina.startup.VersionLoggerListener log
信息: Server number:         @VERSION_NUMBER@
十二月 13, 2018 4:41:27 下午 org.apache.catalina.startup.VersionLoggerListener log
信息: OS Name:               Mac OS X
十二月 13, 2018 4:41:27 下午 org.apache.catalina.startup.VersionLoggerListener log
信息: OS Version:            10.12.6
十二月 13, 2018 4:41:27 下午 org.apache.catalina.startup.VersionLoggerListener log
信息: Architecture:          x86_64
十二月 13, 2018 4:41:27 下午 org.apache.catalina.startup.VersionLoggerListener log
信息: Java Home:             /Library/Java/JavaVirtualMachines/jdk1.8.0_152.jdk/Contents/Home/jre
十二月 13, 2018 4:41:27 下午 org.apache.catalina.startup.VersionLoggerListener log
信息: JVM Version:           1.8.0_152-b16
十二月 13, 2018 4:41:27 下午 org.apache.catalina.startup.VersionLoggerListener log
信息: JVM Vendor:            Oracle Corporation
十二月 13, 2018 4:41:27 下午 org.apache.catalina.startup.VersionLoggerListener log
信息: CATALINA_BASE:         /Users/wangjianfeng/workspace/Tomcat/catalina-home
十二月 13, 2018 4:41:27 下午 org.apache.catalina.startup.VersionLoggerListener log
信息: CATALINA_HOME:         /Users/wangjianfeng/workspace/Tomcat/catalina-home
十二月 13, 2018 4:41:27 下午 org.apache.catalina.startup.VersionLoggerListener log
信息: Command line argument: -agentlib:jdwp=transport=dt_socket,address=127.0.0.1:59045,suspend=y,server=n
十二月 13, 2018 4:41:27 下午 org.apache.catalina.startup.VersionLoggerListener log
信息: Command line argument: -Dcatalina.home=catalina-home
十二月 13, 2018 4:41:27 下午 org.apache.catalina.startup.VersionLoggerListener log
信息: Command line argument: -Dcatalina.base=catalina-home
十二月 13, 2018 4:41:27 下午 org.apache.catalina.startup.VersionLoggerListener log
信息: Command line argument: -Djava.endorsed.dirs=catalina-home/endorsed
十二月 13, 2018 4:41:27 下午 org.apache.catalina.startup.VersionLoggerListener log
信息: Command line argument: -Djava.io.tmpdir=catalina-home/temp
十二月 13, 2018 4:41:27 下午 org.apache.catalina.startup.VersionLoggerListener log
信息: Command line argument: -Djava.util.logging.manager=org.apache.juli.ClassLoaderLogManager
十二月 13, 2018 4:41:27 下午 org.apache.catalina.startup.VersionLoggerListener log
信息: Command line argument: -Djava.util.logging.config.file=catalina-home/conf/logging.properties
十二月 13, 2018 4:41:27 下午 org.apache.catalina.startup.VersionLoggerListener log
信息: Command line argument: -javaagent:/Users/wangjianfeng/Library/Caches/IntelliJIdea2017.3/captureAgent/debugger-agent.jar=/private/var/folders/dp/770f77594p5bqh5hwhjxnm700000gn/T/capture.props
十二月 13, 2018 4:41:27 下午 org.apache.catalina.startup.VersionLoggerListener log
信息: Command line argument: -Dfile.encoding=UTF-8
十二月 13, 2018 4:41:27 下午 org.apache.catalina.core.AprLifecycleListener lifecycleEvent
信息: The APR based Apache Tomcat Native library which allows optimal performance in production environments was not found on the java.library.path: /Users/wangjianfeng/Library/Java/Extensions:/Library/Java/Extensions:/Network/Library/Java/Extensions:/System/Library/Java/Extensions:/usr/lib/java:.
十二月 13, 2018 4:41:42 下午 org.apache.coyote.AbstractProtocol init
信息: Initializing ProtocolHandler ["http-bio-8080"]
十二月 13, 2018 5:07:34 下午 org.apache.catalina.startup.VersionLoggerListener log
信息: Server version:        Apache Tomcat/@VERSION@
十二月 13, 2018 5:07:34 下午 org.apache.catalina.startup.VersionLoggerListener log
信息: Server built:          @VERSION_BUILT@
十二月 13, 2018 5:07:34 下午 org.apache.catalina.startup.VersionLoggerListener log
信息: Server number:         @VERSION_NUMBER@
十二月 13, 2018 5:07:34 下午 org.apache.catalina.startup.VersionLoggerListener log
信息: OS Name:               Mac OS X
十二月 13, 2018 5:07:34 下午 org.apache.catalina.startup.VersionLoggerListener log
信息: OS Version:            10.12.6
十二月 13, 2018 5:07:34 下午 org.apache.catalina.startup.VersionLoggerListener log
信息: Architecture:          x86_64
十二月 13, 2018 5:07:34 下午 org.apache.catalina.startup.VersionLoggerListener log
信息: Java Home:             /Library/Java/JavaVirtualMachines/jdk1.8.0_152.jdk/Contents/Home/jre
十二月 13, 2018 5:07:34 下午 org.apache.catalina.startup.VersionLoggerListener log
信息: JVM Version:           1.8.0_152-b16
十二月 13, 2018 5:07:34 下午 org.apache.catalina.startup.VersionLoggerListener log
信息: JVM Vendor:            Oracle Corporation
十二月 13, 2018 5:07:34 下午 org.apache.catalina.startup.VersionLoggerListener log
信息: CATALINA_BASE:         /Users/wangjianfeng/workspace/Tomcat/catalina-home
十二月 13, 2018 5:07:34 下午 org.apache.catalina.startup.VersionLoggerListener log
信息: CATALINA_HOME:         /Users/wangjianfeng/workspace/Tomcat/catalina-home
十二月 13, 2018 5:07:34 下午 org.apache.catalina.startup.VersionLoggerListener log
信息: Command line argument: -agentlib:jdwp=transport=dt_socket,address=127.0.0.1:59581,suspend=y,server=n
十二月 13, 2018 5:07:34 下午 org.apache.catalina.startup.VersionLoggerListener log
信息: Command line argument: -Dcatalina.home=catalina-home
十二月 13, 2018 5:07:34 下午 org.apache.catalina.startup.VersionLoggerListener log
信息: Command line argument: -Dcatalina.base=catalina-home
十二月 13, 2018 5:07:34 下午 org.apache.catalina.startup.VersionLoggerListener log
信息: Command line argument: -Djava.endorsed.dirs=catalina-home/endorsed
十二月 13, 2018 5:07:34 下午 org.apache.catalina.startup.VersionLoggerListener log
信息: Command line argument: -Djava.io.tmpdir=catalina-home/temp
十二月 13, 2018 5:07:34 下午 org.apache.catalina.startup.VersionLoggerListener log
信息: Command line argument: -Djava.util.logging.manager=org.apache.juli.ClassLoaderLogManager
十二月 13, 2018 5:07:34 下午 org.apache.catalina.startup.VersionLoggerListener log
信息: Command line argument: -Djava.util.logging.config.file=catalina-home/conf/logging.properties
十二月 13, 2018 5:07:34 下午 org.apache.catalina.startup.VersionLoggerListener log
信息: Command line argument: -javaagent:/Users/wangjianfeng/Library/Caches/IntelliJIdea2017.3/captureAgent/debugger-agent.jar=/private/var/folders/dp/770f77594p5bqh5hwhjxnm700000gn/T/capture.props
十二月 13, 2018 5:07:34 下午 org.apache.catalina.startup.VersionLoggerListener log
信息: Command line argument: -Dfile.encoding=UTF-8
十二月 13, 2018 5:07:34 下午 org.apache.catalina.core.AprLifecycleListener lifecycleEvent
信息: The APR based Apache Tomcat Native library which allows optimal performance in production environments was not found on the java.library.path: /Users/wangjianfeng/Library/Java/Extensions:/Library/Java/Extensions:/Network/Library/Java/Extensions:/System/Library/Java/Extensions:/usr/lib/java:.
十二月 13, 2018 5:10:48 下午 org.apache.catalina.startup.VersionLoggerListener log
信息: Server version:        Apache Tomcat/@VERSION@
十二月 13, 2018 5:10:48 下午 org.apache.catalina.startup.VersionLoggerListener log
信息: Server built:          @VERSION_BUILT@
十二月 13, 2018 5:10:48 下午 org.apache.catalina.startup.VersionLoggerListener log
信息: Server number:         @VERSION_NUMBER@
十二月 13, 2018 5:10:48 下午 org.apache.catalina.startup.VersionLoggerListener log
信息: OS Name:               Mac OS X
十二月 13, 2018 5:10:48 下午 org.apache.catalina.startup.VersionLoggerListener log
信息: OS Version:            10.12.6
十二月 13, 2018 5:10:48 下午 org.apache.catalina.startup.VersionLoggerListener log
信息: Architecture:          x86_64
十二月 13, 2018 5:10:48 下午 org.apache.catalina.startup.VersionLoggerListener log
信息: Java Home:             /Library/Java/JavaVirtualMachines/jdk1.8.0_152.jdk/Contents/Home/jre
十二月 13, 2018 5:10:48 下午 org.apache.catalina.startup.VersionLoggerListener log
信息: JVM Version:           1.8.0_152-b16
十二月 13, 2018 5:10:48 下午 org.apache.catalina.startup.VersionLoggerListener log
信息: JVM Vendor:            Oracle Corporation
十二月 13, 2018 5:10:48 下午 org.apache.catalina.startup.VersionLoggerListener log
信息: CATALINA_BASE:         /Users/wangjianfeng/workspace/Tomcat/catalina-home
十二月 13, 2018 5:10:48 下午 org.apache.catalina.startup.VersionLoggerListener log
信息: CATALINA_HOME:         /Users/wangjianfeng/workspace/Tomcat/catalina-home
十二月 13, 2018 5:10:48 下午 org.apache.catalina.startup.VersionLoggerListener log
信息: Command line argument: -agentlib:jdwp=transport=dt_socket,address=127.0.0.1:59637,suspend=y,server=n
十二月 13, 2018 5:10:48 下午 org.apache.catalina.startup.VersionLoggerListener log
信息: Command line argument: -Dcatalina.home=catalina-home
十二月 13, 2018 5:10:48 下午 org.apache.catalina.startup.VersionLoggerListener log
信息: Command line argument: -Dcatalina.base=catalina-home
十二月 13, 2018 5:10:48 下午 org.apache.catalina.startup.VersionLoggerListener log
信息: Command line argument: -Djava.endorsed.dirs=catalina-home/endorsed
十二月 13, 2018 5:10:48 下午 org.apache.catalina.startup.VersionLoggerListener log
信息: Command line argument: -Djava.io.tmpdir=catalina-home/temp
十二月 13, 2018 5:10:48 下午 org.apache.catalina.startup.VersionLoggerListener log
信息: Command line argument: -Djava.util.logging.manager=org.apache.juli.ClassLoaderLogManager
十二月 13, 2018 5:10:48 下午 org.apache.catalina.startup.VersionLoggerListener log
信息: Command line argument: -Djava.util.logging.config.file=catalina-home/conf/logging.properties
十二月 13, 2018 5:10:48 下午 org.apache.catalina.startup.VersionLoggerListener log
信息: Command line argument: -javaagent:/Users/wangjianfeng/Library/Caches/IntelliJIdea2017.3/captureAgent/debugger-agent.jar=/private/var/folders/dp/770f77594p5bqh5hwhjxnm700000gn/T/capture.props
十二月 13, 2018 5:10:48 下午 org.apache.catalina.startup.VersionLoggerListener log
信息: Command line argument: -Dfile.encoding=UTF-8
十二月 13, 2018 5:10:48 下午 org.apache.catalina.core.AprLifecycleListener lifecycleEvent
信息: The APR based Apache Tomcat Native library which allows optimal performance in production environments was not found on the java.library.path: /Users/wangjianfeng/Library/Java/Extensions:/Library/Java/Extensions:/Network/Library/Java/Extensions:/System/Library/Java/Extensions:/usr/lib/java:.
十二月 13, 2018 5:11:15 下午 org.apache.coyote.AbstractProtocol init
信息: Initializing ProtocolHandler ["http-bio-8080"]
十二月 13, 2018 5:11:19 下午 org.apache.coyote.AbstractProtocol init
信息: Initializing ProtocolHandler ["ajp-bio-8009"]
十二月 13, 2018 5:11:20 下午 org.apache.catalina.startup.Catalina load
信息: Initialization processed in 32766 ms
十二月 13, 2018 5:11:20 下午 org.apache.catalina.core.StandardService startInternal
信息: Starting service Catalina
十二月 13, 2018 5:11:20 下午 org.apache.catalina.core.StandardEngine startInternal
信息: Starting Servlet Engine: Apache Tomcat/@VERSION@
十二月 13, 2018 5:12:16 下午 org.apache.catalina.startup.VersionLoggerListener log
信息: Server version:        Apache Tomcat/@VERSION@
十二月 13, 2018 5:12:16 下午 org.apache.catalina.startup.VersionLoggerListener log
信息: Server built:          @VERSION_BUILT@
十二月 13, 2018 5:12:16 下午 org.apache.catalina.startup.VersionLoggerListener log
信息: Server number:         @VERSION_NUMBER@
十二月 13, 2018 5:12:16 下午 org.apache.catalina.startup.VersionLoggerListener log
信息: OS Name:               Mac OS X
十二月 13, 2018 5:12:16 下午 org.apache.catalina.startup.VersionLoggerListener log
信息: OS Version:            10.12.6
十二月 13, 2018 5:12:16 下午 org.apache.catalina.startup.VersionLoggerListener log
信息: Architecture:          x86_64
十二月 13, 2018 5:12:16 下午 org.apache.catalina.startup.VersionLoggerListener log
信息: Java Home:             /Library/Java/JavaVirtualMachines/jdk1.8.0_152.jdk/Contents/Home/jre
十二月 13, 2018 5:12:16 下午 org.apache.catalina.startup.VersionLoggerListener log
信息: JVM Version:           1.8.0_152-b16
十二月 13, 2018 5:12:16 下午 org.apache.catalina.startup.VersionLoggerListener log
信息: JVM Vendor:            Oracle Corporation
十二月 13, 2018 5:12:16 下午 org.apache.catalina.startup.VersionLoggerListener log
信息: CATALINA_BASE:         /Users/wangjianfeng/workspace/Tomcat/catalina-home
十二月 13, 2018 5:12:16 下午 org.apache.catalina.startup.VersionLoggerListener log
信息: CATALINA_HOME:         /Users/wangjianfeng/workspace/Tomcat/catalina-home
十二月 13, 2018 5:12:16 下午 org.apache.catalina.startup.VersionLoggerListener log
信息: Command line argument: -agentlib:jdwp=transport=dt_socket,address=127.0.0.1:59668,suspend=y,server=n
十二月 13, 2018 5:12:16 下午 org.apache.catalina.startup.VersionLoggerListener log
信息: Command line argument: -Dcatalina.home=catalina-home
十二月 13, 2018 5:12:16 下午 org.apache.catalina.startup.VersionLoggerListener log
信息: Command line argument: -Dcatalina.base=catalina-home
十二月 13, 2018 5:12:16 下午 org.apache.catalina.startup.VersionLoggerListener log
信息: Command line argument: -Djava.endorsed.dirs=catalina-home/endorsed
十二月 13, 2018 5:12:16 下午 org.apache.catalina.startup.VersionLoggerListener log
信息: Command line argument: -Djava.io.tmpdir=catalina-home/temp
十二月 13, 2018 5:12:16 下午 org.apache.catalina.startup.VersionLoggerListener log
信息: Command line argument: -Djava.util.logging.manager=org.apache.juli.ClassLoaderLogManager
十二月 13, 2018 5:12:16 下午 org.apache.catalina.startup.VersionLoggerListener log
信息: Command line argument: -Djava.util.logging.config.file=catalina-home/conf/logging.properties
十二月 13, 2018 5:12:16 下午 org.apache.catalina.startup.VersionLoggerListener log
信息: Command line argument: -javaagent:/Users/wangjianfeng/Library/Caches/IntelliJIdea2017.3/captureAgent/debugger-agent.jar=/private/var/folders/dp/770f77594p5bqh5hwhjxnm700000gn/T/capture.props
十二月 13, 2018 5:12:16 下午 org.apache.catalina.startup.VersionLoggerListener log
信息: Command line argument: -Dfile.encoding=UTF-8
十二月 13, 2018 5:12:16 下午 org.apache.catalina.core.AprLifecycleListener lifecycleEvent
信息: The APR based Apache Tomcat Native library which allows optimal performance in production environments was not found on the java.library.path: /Users/wangjianfeng/Library/Java/Extensions:/Library/Java/Extensions:/Network/Library/Java/Extensions:/System/Library/Java/Extensions:/usr/lib/java:.
十二月 13, 2018 5:13:06 下午 org.apache.coyote.AbstractProtocol init
信息: Initializing ProtocolHandler ["http-bio-8080"]
十二月 13, 2018 5:13:06 下午 org.apache.coyote.AbstractProtocol init
严重: Failed to initialize end point associated with ProtocolHandler ["http-bio-8080"]
java.net.BindException: Address already in use (Bind failed) <null>:8080
	at org.apache.tomcat.util.net.JIoEndpoint.bind(JIoEndpoint.java:413)
	at org.apache.tomcat.util.net.AbstractEndpoint.init(AbstractEndpoint.java:728)
	at org.apache.coyote.AbstractProtocol.init(AbstractProtocol.java:452)
	at org.apache.coyote.http11.AbstractHttp11JsseProtocol.init(AbstractHttp11JsseProtocol.java:119)
	at org.apache.catalina.connector.Connector.initInternal(Connector.java:978)
	at org.apache.catalina.util.LifecycleBase.init(LifecycleBase.java:102)
	at org.apache.catalina.core.StandardService.initInternal(StandardService.java:560)
	at org.apache.catalina.util.LifecycleBase.init(LifecycleBase.java:102)
	at org.apache.catalina.core.StandardServer.initInternal(StandardServer.java:840)
	at org.apache.catalina.util.LifecycleBase.init(LifecycleBase.java:102)
	at org.apache.catalina.startup.Catalina.load(Catalina.java:661)
	at sun.reflect.NativeMethodAccessorImpl.invoke0(Native Method)
	at sun.reflect.NativeMethodAccessorImpl.invoke(NativeMethodAccessorImpl.java:62)
	at sun.reflect.DelegatingMethodAccessorImpl.invoke(DelegatingMethodAccessorImpl.java:43)
	at java.lang.reflect.Method.invoke(Method.java:498)
	at org.apache.catalina.startup.Bootstrap.load(Bootstrap.java:256)
	at org.apache.catalina.startup.Bootstrap.main(Bootstrap.java:431)
Caused by: java.net.BindException: Address already in use (Bind failed)
	at java.net.PlainSocketImpl.socketBind(Native Method)
	at java.net.AbstractPlainSocketImpl.bind(AbstractPlainSocketImpl.java:387)
	at java.net.ServerSocket.bind(ServerSocket.java:375)
	at java.net.ServerSocket.<init>(ServerSocket.java:237)
	at java.net.ServerSocket.<init>(ServerSocket.java:181)
	at org.apache.tomcat.util.net.DefaultServerSocketFactory.createSocket(DefaultServerSocketFactory.java:49)
	at org.apache.tomcat.util.net.JIoEndpoint.bind(JIoEndpoint.java:400)
	... 16 more

十二月 13, 2018 5:13:06 下午 org.apache.catalina.core.StandardService initInternal
严重: Failed to initialize connector [Connector[HTTP/1.1-8080]]
org.apache.catalina.LifecycleException: Failed to initialize component [Connector[HTTP/1.1-8080]]
	at org.apache.catalina.util.LifecycleBase.init(LifecycleBase.java:108)
	at org.apache.catalina.core.StandardService.initInternal(StandardService.java:560)
	at org.apache.catalina.util.LifecycleBase.init(LifecycleBase.java:102)
	at org.apache.catalina.core.StandardServer.initInternal(StandardServer.java:840)
	at org.apache.catalina.util.LifecycleBase.init(LifecycleBase.java:102)
	at org.apache.catalina.startup.Catalina.load(Catalina.java:661)
	at sun.reflect.NativeMethodAccessorImpl.invoke0(Native Method)
	at sun.reflect.NativeMethodAccessorImpl.invoke(NativeMethodAccessorImpl.java:62)
	at sun.reflect.DelegatingMethodAccessorImpl.invoke(DelegatingMethodAccessorImpl.java:43)
	at java.lang.reflect.Method.invoke(Method.java:498)
	at org.apache.catalina.startup.Bootstrap.load(Bootstrap.java:256)
	at org.apache.catalina.startup.Bootstrap.main(Bootstrap.java:431)
Caused by: org.apache.catalina.LifecycleException: Protocol handler initialization failed
	at org.apache.catalina.connector.Connector.initInternal(Connector.java:982)
	at org.apache.catalina.util.LifecycleBase.init(LifecycleBase.java:102)
	... 11 more
Caused by: java.net.BindException: Address already in use (Bind failed) <null>:8080
	at org.apache.tomcat.util.net.JIoEndpoint.bind(JIoEndpoint.java:413)
	at org.apache.tomcat.util.net.AbstractEndpoint.init(AbstractEndpoint.java:728)
	at org.apache.coyote.AbstractProtocol.init(AbstractProtocol.java:452)
	at org.apache.coyote.http11.AbstractHttp11JsseProtocol.init(AbstractHttp11JsseProtocol.java:119)
	at org.apache.catalina.connector.Connector.initInternal(Connector.java:978)
	... 12 more
Caused by: java.net.BindException: Address already in use (Bind failed)
	at java.net.PlainSocketImpl.socketBind(Native Method)
	at java.net.AbstractPlainSocketImpl.bind(AbstractPlainSocketImpl.java:387)
	at java.net.ServerSocket.bind(ServerSocket.java:375)
	at java.net.ServerSocket.<init>(ServerSocket.java:237)
	at java.net.ServerSocket.<init>(ServerSocket.java:181)
	at org.apache.tomcat.util.net.DefaultServerSocketFactory.createSocket(DefaultServerSocketFactory.java:49)
	at org.apache.tomcat.util.net.JIoEndpoint.bind(JIoEndpoint.java:400)
	... 16 more

十二月 13, 2018 5:13:06 下午 org.apache.coyote.AbstractProtocol init
信息: Initializing ProtocolHandler ["ajp-bio-8009"]
十二月 13, 2018 5:13:06 下午 org.apache.coyote.AbstractProtocol init
严重: Failed to initialize end point associated with ProtocolHandler ["ajp-bio-8009"]
java.net.BindException: Address already in use (Bind failed) <null>:8009
	at org.apache.tomcat.util.net.JIoEndpoint.bind(JIoEndpoint.java:413)
	at org.apache.tomcat.util.net.AbstractEndpoint.init(AbstractEndpoint.java:728)
	at org.apache.coyote.AbstractProtocol.init(AbstractProtocol.java:452)
	at org.apache.catalina.connector.Connector.initInternal(Connector.java:978)
	at org.apache.catalina.util.LifecycleBase.init(LifecycleBase.java:102)
	at org.apache.catalina.core.StandardService.initInternal(StandardService.java:560)
	at org.apache.catalina.util.LifecycleBase.init(LifecycleBase.java:102)
	at org.apache.catalina.core.StandardServer.initInternal(StandardServer.java:840)
	at org.apache.catalina.util.LifecycleBase.init(LifecycleBase.java:102)
	at org.apache.catalina.startup.Catalina.load(Catalina.java:661)
	at sun.reflect.NativeMethodAccessorImpl.invoke0(Native Method)
	at sun.reflect.NativeMethodAccessorImpl.invoke(NativeMethodAccessorImpl.java:62)
	at sun.reflect.DelegatingMethodAccessorImpl.invoke(DelegatingMethodAccessorImpl.java:43)
	at java.lang.reflect.Method.invoke(Method.java:498)
	at org.apache.catalina.startup.Bootstrap.load(Bootstrap.java:256)
	at org.apache.catalina.startup.Bootstrap.main(Bootstrap.java:431)
Caused by: java.net.BindException: Address already in use (Bind failed)
	at java.net.PlainSocketImpl.socketBind(Native Method)
	at java.net.AbstractPlainSocketImpl.bind(AbstractPlainSocketImpl.java:387)
	at java.net.ServerSocket.bind(ServerSocket.java:375)
	at java.net.ServerSocket.<init>(ServerSocket.java:237)
	at java.net.ServerSocket.<init>(ServerSocket.java:181)
	at org.apache.tomcat.util.net.DefaultServerSocketFactory.createSocket(DefaultServerSocketFactory.java:49)
	at org.apache.tomcat.util.net.JIoEndpoint.bind(JIoEndpoint.java:400)
	... 15 more

十二月 13, 2018 5:13:06 下午 org.apache.catalina.core.StandardService initInternal
严重: Failed to initialize connector [Connector[AJP/1.3-8009]]
org.apache.catalina.LifecycleException: Failed to initialize component [Connector[AJP/1.3-8009]]
	at org.apache.catalina.util.LifecycleBase.init(LifecycleBase.java:108)
	at org.apache.catalina.core.StandardService.initInternal(StandardService.java:560)
	at org.apache.catalina.util.LifecycleBase.init(LifecycleBase.java:102)
	at org.apache.catalina.core.StandardServer.initInternal(StandardServer.java:840)
	at org.apache.catalina.util.LifecycleBase.init(LifecycleBase.java:102)
	at org.apache.catalina.startup.Catalina.load(Catalina.java:661)
	at sun.reflect.NativeMethodAccessorImpl.invoke0(Native Method)
	at sun.reflect.NativeMethodAccessorImpl.invoke(NativeMethodAccessorImpl.java:62)
	at sun.reflect.DelegatingMethodAccessorImpl.invoke(DelegatingMethodAccessorImpl.java:43)
	at java.lang.reflect.Method.invoke(Method.java:498)
	at org.apache.catalina.startup.Bootstrap.load(Bootstrap.java:256)
	at org.apache.catalina.startup.Bootstrap.main(Bootstrap.java:431)
Caused by: org.apache.catalina.LifecycleException: Protocol handler initialization failed
	at org.apache.catalina.connector.Connector.initInternal(Connector.java:982)
	at org.apache.catalina.util.LifecycleBase.init(LifecycleBase.java:102)
	... 11 more
Caused by: java.net.BindException: Address already in use (Bind failed) <null>:8009
	at org.apache.tomcat.util.net.JIoEndpoint.bind(JIoEndpoint.java:413)
	at org.apache.tomcat.util.net.AbstractEndpoint.init(AbstractEndpoint.java:728)
	at org.apache.coyote.AbstractProtocol.init(AbstractProtocol.java:452)
	at org.apache.catalina.connector.Connector.initInternal(Connector.java:978)
	... 12 more
Caused by: java.net.BindException: Address already in use (Bind failed)
	at java.net.PlainSocketImpl.socketBind(Native Method)
	at java.net.AbstractPlainSocketImpl.bind(AbstractPlainSocketImpl.java:387)
	at java.net.ServerSocket.bind(ServerSocket.java:375)
	at java.net.ServerSocket.<init>(ServerSocket.java:237)
	at java.net.ServerSocket.<init>(ServerSocket.java:181)
	at org.apache.tomcat.util.net.DefaultServerSocketFactory.createSocket(DefaultServerSocketFactory.java:49)
	at org.apache.tomcat.util.net.JIoEndpoint.bind(JIoEndpoint.java:400)
	... 15 more

十二月 13, 2018 5:13:13 下午 org.apache.catalina.startup.Catalina load
信息: Initialization processed in 58132 ms
十二月 13, 2018 5:13:13 下午 org.apache.catalina.core.StandardService startInternal
信息: Starting service Catalina
十二月 13, 2018 5:13:13 下午 org.apache.catalina.core.StandardEngine startInternal
信息: Starting Servlet Engine: Apache Tomcat/@VERSION@
十二月 13, 2018 5:13:13 下午 org.apache.catalina.startup.HostConfig deployDirectory
信息: Deploying web application directory /Users/wangjianfeng/workspace/Tomcat/catalina-home/webapps/docs
十二月 13, 2018 5:13:15 下午 org.apache.catalina.startup.TldConfig execute
信息: At least one JAR was scanned for TLDs yet contained no TLDs. Enable debug logging for this logger for a complete list of JARs that were scanned but no TLDs were found in them. Skipping unneeded JARs during scanning can improve startup time and JSP compilation time.
十二月 13, 2018 5:13:16 下午 org.apache.catalina.startup.HostConfig deployDirectory
信息: Deployment of web application directory /Users/wangjianfeng/workspace/Tomcat/catalina-home/webapps/docs has finished in 2,172 ms
十二月 13, 2018 5:13:16 下午 org.apache.catalina.startup.HostConfig deployDirectory
信息: Deploying web application directory /Users/wangjianfeng/workspace/Tomcat/catalina-home/webapps/examples
十二月 13, 2018 5:13:18 下午 org.apache.catalina.startup.TldConfig execute
信息: At least one JAR was scanned for TLDs yet contained no TLDs. Enable debug logging for this logger for a complete list of JARs that were scanned but no TLDs were found in them. Skipping unneeded JARs during scanning can improve startup time and JSP compilation time.
十二月 13, 2018 5:13:18 下午 org.apache.catalina.startup.HostConfig deployDirectory
信息: Deployment of web application directory /Users/wangjianfeng/workspace/Tomcat/catalina-home/webapps/examples has finished in 1,988 ms
十二月 13, 2018 5:13:18 下午 org.apache.catalina.startup.HostConfig deployDirectory
信息: Deploying web application directory /Users/wangjianfeng/workspace/Tomcat/catalina-home/webapps/host-manager
十二月 13, 2018 5:13:18 下午 org.apache.catalina.startup.TldConfig execute
信息: At least one JAR was scanned for TLDs yet contained no TLDs. Enable debug logging for this logger for a complete list of JARs that were scanned but no TLDs were found in them. Skipping unneeded JARs during scanning can improve startup time and JSP compilation time.
十二月 13, 2018 5:13:18 下午 org.apache.catalina.startup.HostConfig deployDirectory
信息: Deployment of web application directory /Users/wangjianfeng/workspace/Tomcat/catalina-home/webapps/host-manager has finished in 95 ms
十二月 13, 2018 5:13:18 下午 org.apache.catalina.startup.HostConfig deployDirectory
信息: Deploying web application directory /Users/wangjianfeng/workspace/Tomcat/catalina-home/webapps/manager
十二月 13, 2018 5:13:18 下午 org.apache.catalina.startup.TldConfig execute
信息: At least one JAR was scanned for TLDs yet contained no TLDs. Enable debug logging for this logger for a complete list of JARs that were scanned but no TLDs were found in them. Skipping unneeded JARs during scanning can improve startup time and JSP compilation time.
十二月 13, 2018 5:13:18 下午 org.apache.catalina.startup.HostConfig deployDirectory
信息: Deployment of web application directory /Users/wangjianfeng/workspace/Tomcat/catalina-home/webapps/manager has finished in 72 ms
十二月 13, 2018 5:13:18 下午 org.apache.catalina.startup.HostConfig deployDirectory
信息: Deploying web application directory /Users/wangjianfeng/workspace/Tomcat/catalina-home/webapps/ROOT
十二月 13, 2018 5:13:19 下午 org.apache.catalina.startup.TldConfig execute
信息: At least one JAR was scanned for TLDs yet contained no TLDs. Enable debug logging for this logger for a complete list of JARs that were scanned but no TLDs were found in them. Skipping unneeded JARs during scanning can improve startup time and JSP compilation time.
十二月 13, 2018 5:13:19 下午 org.apache.catalina.startup.HostConfig deployDirectory
信息: Deployment of web application directory /Users/wangjianfeng/workspace/Tomcat/catalina-home/webapps/ROOT has finished in 1,582 ms
十二月 13, 2018 5:13:19 下午 org.apache.catalina.startup.Catalina start
信息: Server startup in 5987 ms
十二月 13, 2018 5:31:20 下午 org.apache.catalina.startup.HostConfig deployDirectory
信息: Deploying web application directory /Users/wangjianfeng/workspace/Tomcat/catalina-home/webapps/docs
十二月 13, 2018 5:31:20 下午 org.apache.coyote.AbstractProtocol pause
信息: Pausing ProtocolHandler ["http-bio-8080"]
十二月 13, 2018 5:31:20 下午 org.apache.coyote.AbstractProtocol pause
信息: Pausing ProtocolHandler ["ajp-bio-8009"]
十二月 13, 2018 5:31:20 下午 org.apache.catalina.core.StandardService stopInternal
信息: Stopping service Catalina
十二月 13, 2018 5:31:20 下午 org.apache.coyote.AbstractProtocol stop
信息: Stopping ProtocolHandler ["http-bio-8080"]
十二月 13, 2018 5:31:20 下午 org.apache.coyote.AbstractProtocol destroy
信息: Destroying ProtocolHandler ["http-bio-8080"]
十二月 13, 2018 5:31:20 下午 org.apache.coyote.AbstractProtocol stop
信息: Stopping ProtocolHandler ["ajp-bio-8009"]
十二月 13, 2018 5:31:20 下午 org.apache.coyote.AbstractProtocol destroy
信息: Destroying ProtocolHandler ["ajp-bio-8009"]
十二月 13, 2018 5:35:41 下午 org.apache.catalina.startup.VersionLoggerListener log
信息: Server version:        Apache Tomcat/@VERSION@
十二月 13, 2018 5:35:41 下午 org.apache.catalina.startup.VersionLoggerListener log
信息: Server built:          @VERSION_BUILT@
十二月 13, 2018 5:35:41 下午 org.apache.catalina.startup.VersionLoggerListener log
信息: Server number:         @VERSION_NUMBER@
十二月 13, 2018 5:35:41 下午 org.apache.catalina.startup.VersionLoggerListener log
信息: OS Name:               Mac OS X
十二月 13, 2018 5:35:41 下午 org.apache.catalina.startup.VersionLoggerListener log
信息: OS Version:            10.12.6
十二月 13, 2018 5:35:41 下午 org.apache.catalina.startup.VersionLoggerListener log
信息: Architecture:          x86_64
十二月 13, 2018 5:35:41 下午 org.apache.catalina.startup.VersionLoggerListener log
信息: Java Home:             /Library/Java/JavaVirtualMachines/jdk1.8.0_152.jdk/Contents/Home/jre
十二月 13, 2018 5:35:41 下午 org.apache.catalina.startup.VersionLoggerListener log
信息: JVM Version:           1.8.0_152-b16
十二月 13, 2018 5:35:41 下午 org.apache.catalina.startup.VersionLoggerListener log
信息: JVM Vendor:            Oracle Corporation
十二月 13, 2018 5:35:41 下午 org.apache.catalina.startup.VersionLoggerListener log
信息: CATALINA_BASE:         /Users/wangjianfeng/workspace/Tomcat/catalina-home
十二月 13, 2018 5:35:41 下午 org.apache.catalina.startup.VersionLoggerListener log
信息: CATALINA_HOME:         /Users/wangjianfeng/workspace/Tomcat/catalina-home
十二月 13, 2018 5:35:41 下午 org.apache.catalina.startup.VersionLoggerListener log
信息: Command line argument: -Dcatalina.home=catalina-home
十二月 13, 2018 5:35:41 下午 org.apache.catalina.startup.VersionLoggerListener log
信息: Command line argument: -Dcatalina.base=catalina-home
十二月 13, 2018 5:35:41 下午 org.apache.catalina.startup.VersionLoggerListener log
信息: Command line argument: -Djava.endorsed.dirs=catalina-home/endorsed
十二月 13, 2018 5:35:41 下午 org.apache.catalina.startup.VersionLoggerListener log
信息: Command line argument: -Djava.io.tmpdir=catalina-home/temp
十二月 13, 2018 5:35:41 下午 org.apache.catalina.startup.VersionLoggerListener log
信息: Command line argument: -Djava.util.logging.manager=org.apache.juli.ClassLoaderLogManager
十二月 13, 2018 5:35:41 下午 org.apache.catalina.startup.VersionLoggerListener log
信息: Command line argument: -Djava.util.logging.config.file=catalina-home/conf/logging.properties
十二月 13, 2018 5:35:41 下午 org.apache.catalina.startup.VersionLoggerListener log
信息: Command line argument: -javaagent:/Users/wangjianfeng/Library/Application Support/JetBrains/Toolbox/apps/IDEA-U/ch-0/173.4548.28/IntelliJ IDEA.app/Contents/lib/idea_rt.jar=60086:/Users/wangjianfeng/Library/Application Support/JetBrains/Toolbox/apps/IDEA-U/ch-0/173.4548.28/IntelliJ IDEA.app/Contents/bin
十二月 13, 2018 5:35:41 下午 org.apache.catalina.startup.VersionLoggerListener log
信息: Command line argument: -Dfile.encoding=UTF-8
十二月 13, 2018 5:35:41 下午 org.apache.catalina.core.AprLifecycleListener lifecycleEvent
信息: The APR based Apache Tomcat Native library which allows optimal performance in production environments was not found on the java.library.path: /Users/wangjianfeng/Library/Java/Extensions:/Library/Java/Extensions:/Network/Library/Java/Extensions:/System/Library/Java/Extensions:/usr/lib/java:.
十二月 13, 2018 5:35:41 下午 org.apache.coyote.AbstractProtocol init
信息: Initializing ProtocolHandler ["http-bio-8080"]
十二月 13, 2018 5:35:41 下午 org.apache.coyote.AbstractProtocol init
信息: Initializing ProtocolHandler ["ajp-bio-8009"]
十二月 13, 2018 5:35:41 下午 org.apache.catalina.startup.Catalina load
信息: Initialization processed in 1009 ms
十二月 13, 2018 5:35:41 下午 org.apache.catalina.core.StandardService startInternal
信息: Starting service Catalina
十二月 13, 2018 5:35:41 下午 org.apache.catalina.core.StandardEngine startInternal
信息: Starting Servlet Engine: Apache Tomcat/@VERSION@
十二月 13, 2018 5:35:41 下午 org.apache.catalina.startup.HostConfig deployDirectory
信息: Deploying web application directory /Users/wangjianfeng/workspace/Tomcat/catalina-home/webapps/docs
十二月 13, 2018 5:35:44 下午 org.apache.catalina.startup.TldConfig execute
信息: At least one JAR was scanned for TLDs yet contained no TLDs. Enable debug logging for this logger for a complete list of JARs that were scanned but no TLDs were found in them. Skipping unneeded JARs during scanning can improve startup time and JSP compilation time.
十二月 13, 2018 5:35:44 下午 org.apache.catalina.startup.HostConfig deployDirectory
信息: Deployment of web application directory /Users/wangjianfeng/workspace/Tomcat/catalina-home/webapps/docs has finished in 2,863 ms
十二月 13, 2018 5:35:44 下午 org.apache.catalina.startup.HostConfig deployDirectory
信息: Deploying web application directory /Users/wangjianfeng/workspace/Tomcat/catalina-home/webapps/examples
十二月 13, 2018 5:35:46 下午 org.apache.catalina.startup.TldConfig execute
信息: At least one JAR was scanned for TLDs yet contained no TLDs. Enable debug logging for this logger for a complete list of JARs that were scanned but no TLDs were found in them. Skipping unneeded JARs during scanning can improve startup time and JSP compilation time.
十二月 13, 2018 5:35:46 下午 org.apache.catalina.startup.HostConfig deployDirectory
信息: Deployment of web application directory /Users/wangjianfeng/workspace/Tomcat/catalina-home/webapps/examples has finished in 2,058 ms
十二月 13, 2018 5:35:46 下午 org.apache.catalina.startup.HostConfig deployDirectory
信息: Deploying web application directory /Users/wangjianfeng/workspace/Tomcat/catalina-home/webapps/host-manager
十二月 13, 2018 5:35:46 下午 org.apache.catalina.startup.TldConfig execute
信息: At least one JAR was scanned for TLDs yet contained no TLDs. Enable debug logging for this logger for a complete list of JARs that were scanned but no TLDs were found in them. Skipping unneeded JARs during scanning can improve startup time and JSP compilation time.
十二月 13, 2018 5:35:46 下午 org.apache.catalina.startup.HostConfig deployDirectory
信息: Deployment of web application directory /Users/wangjianfeng/workspace/Tomcat/catalina-home/webapps/host-manager has finished in 64 ms
十二月 13, 2018 5:35:46 下午 org.apache.catalina.startup.HostConfig deployDirectory
信息: Deploying web application directory /Users/wangjianfeng/workspace/Tomcat/catalina-home/webapps/manager
十二月 13, 2018 5:35:46 下午 org.apache.catalina.startup.TldConfig execute
信息: At least one JAR was scanned for TLDs yet contained no TLDs. Enable debug logging for this logger for a complete list of JARs that were scanned but no TLDs were found in them. Skipping unneeded JARs during scanning can improve startup time and JSP compilation time.
十二月 13, 2018 5:35:46 下午 org.apache.catalina.startup.HostConfig deployDirectory
信息: Deployment of web application directory /Users/wangjianfeng/workspace/Tomcat/catalina-home/webapps/manager has finished in 167 ms
十二月 13, 2018 5:35:46 下午 org.apache.catalina.startup.HostConfig deployDirectory
信息: Deploying web application directory /Users/wangjianfeng/workspace/Tomcat/catalina-home/webapps/ROOT
十二月 13, 2018 5:35:48 下午 org.apache.catalina.startup.TldConfig execute
信息: At least one JAR was scanned for TLDs yet contained no TLDs. Enable debug logging for this logger for a complete list of JARs that were scanned but no TLDs were found in them. Skipping unneeded JARs during scanning can improve startup time and JSP compilation time.
十二月 13, 2018 5:35:48 下午 org.apache.catalina.startup.HostConfig deployDirectory
信息: Deployment of web application directory /Users/wangjianfeng/workspace/Tomcat/catalina-home/webapps/ROOT has finished in 1,304 ms
十二月 13, 2018 5:35:48 下午 org.apache.coyote.AbstractProtocol start
信息: Starting ProtocolHandler ["http-bio-8080"]
十二月 13, 2018 5:35:48 下午 org.apache.coyote.AbstractProtocol start
信息: Starting ProtocolHandler ["ajp-bio-8009"]
十二月 13, 2018 5:35:48 下午 org.apache.catalina.startup.Catalina start
信息: Server startup in 6517 ms
十二月 13, 2018 5:40:34 下午 org.apache.coyote.AbstractProtocol pause
信息: Pausing ProtocolHandler ["http-bio-8080"]
十二月 13, 2018 5:40:34 下午 org.apache.coyote.AbstractProtocol pause
信息: Pausing ProtocolHandler ["ajp-bio-8009"]
十二月 13, 2018 5:40:34 下午 org.apache.catalina.core.StandardService stopInternal
信息: Stopping service Catalina
十二月 13, 2018 5:40:34 下午 org.apache.coyote.AbstractProtocol stop
信息: Stopping ProtocolHandler ["http-bio-8080"]
十二月 13, 2018 5:40:34 下午 org.apache.coyote.AbstractProtocol stop
信息: Stopping ProtocolHandler ["ajp-bio-8009"]
十二月 13, 2018 5:40:34 下午 org.apache.coyote.AbstractProtocol destroy
信息: Destroying ProtocolHandler ["http-bio-8080"]
十二月 13, 2018 5:40:34 下午 org.apache.coyote.AbstractProtocol destroy
信息: Destroying ProtocolHandler ["ajp-bio-8009"]
十二月 13, 2018 5:40:45 下午 org.apache.tomcat.util.digester.Digester fatalError
严重: Parse Fatal Error at line 1 column 1: 文件提前结束。
org.xml.sax.SAXParseException; systemId: file:/Users/wangjianfeng/workspace/Tomcat/catalina-home/conf/server.xml; lineNumber: 1; columnNumber: 1; 文件提前结束。
	at com.sun.org.apache.xerces.internal.util.ErrorHandlerWrapper.createSAXParseException(ErrorHandlerWrapper.java:203)
	at com.sun.org.apache.xerces.internal.util.ErrorHandlerWrapper.fatalError(ErrorHandlerWrapper.java:177)
	at com.sun.org.apache.xerces.internal.impl.XMLErrorReporter.reportError(XMLErrorReporter.java:400)
	at com.sun.org.apache.xerces.internal.impl.XMLErrorReporter.reportError(XMLErrorReporter.java:327)
	at com.sun.org.apache.xerces.internal.impl.XMLScanner.reportFatalError(XMLScanner.java:1472)
	at com.sun.org.apache.xerces.internal.impl.XMLDocumentScannerImpl$PrologDriver.next(XMLDocumentScannerImpl.java:1014)
	at com.sun.org.apache.xerces.internal.impl.XMLDocumentScannerImpl.next(XMLDocumentScannerImpl.java:602)
	at com.sun.org.apache.xerces.internal.impl.XMLDocumentFragmentScannerImpl.scanDocument(XMLDocumentFragmentScannerImpl.java:505)
	at com.sun.org.apache.xerces.internal.parsers.XML11Configuration.parse(XML11Configuration.java:841)
	at com.sun.org.apache.xerces.internal.parsers.XML11Configuration.parse(XML11Configuration.java:770)
	at com.sun.org.apache.xerces.internal.parsers.XMLParser.parse(XMLParser.java:141)
	at com.sun.org.apache.xerces.internal.parsers.AbstractSAXParser.parse(AbstractSAXParser.java:1213)
	at com.sun.org.apache.xerces.internal.jaxp.SAXParserImpl$JAXPSAXParser.parse(SAXParserImpl.java:643)
	at org.apache.tomcat.util.digester.Digester.parse(Digester.java:1568)
	at org.apache.catalina.startup.Catalina.load(Catalina.java:642)
	at sun.reflect.NativeMethodAccessorImpl.invoke0(Native Method)
	at sun.reflect.NativeMethodAccessorImpl.invoke(NativeMethodAccessorImpl.java:62)
	at sun.reflect.DelegatingMethodAccessorImpl.invoke(DelegatingMethodAccessorImpl.java:43)
	at java.lang.reflect.Method.invoke(Method.java:498)
	at org.apache.catalina.startup.Bootstrap.load(Bootstrap.java:256)
	at org.apache.catalina.startup.Bootstrap.main(Bootstrap.java:431)

十二月 13, 2018 5:40:45 下午 org.apache.catalina.startup.Catalina load
警告: Catalina.start using conf/server.xml: 文件提前结束。
十二月 13, 2018 5:40:45 下午 org.apache.catalina.startup.Catalina start
严重: Cannot start server. Server instance is not configured.
十二月 13, 2018 5:41:18 下午 org.apache.tomcat.util.digester.Digester fatalError
严重: Parse Fatal Error at line 1 column 1: 文件提前结束。
org.xml.sax.SAXParseException; systemId: file:/Users/wangjianfeng/workspace/Tomcat/catalina-home/conf/server.xml; lineNumber: 1; columnNumber: 1; 文件提前结束。
	at com.sun.org.apache.xerces.internal.util.ErrorHandlerWrapper.createSAXParseException(ErrorHandlerWrapper.java:203)
	at com.sun.org.apache.xerces.internal.util.ErrorHandlerWrapper.fatalError(ErrorHandlerWrapper.java:177)
	at com.sun.org.apache.xerces.internal.impl.XMLErrorReporter.reportError(XMLErrorReporter.java:400)
	at com.sun.org.apache.xerces.internal.impl.XMLErrorReporter.reportError(XMLErrorReporter.java:327)
	at com.sun.org.apache.xerces.internal.impl.XMLScanner.reportFatalError(XMLScanner.java:1472)
	at com.sun.org.apache.xerces.internal.impl.XMLDocumentScannerImpl$PrologDriver.next(XMLDocumentScannerImpl.java:1014)
	at com.sun.org.apache.xerces.internal.impl.XMLDocumentScannerImpl.next(XMLDocumentScannerImpl.java:602)
	at com.sun.org.apache.xerces.internal.impl.XMLDocumentFragmentScannerImpl.scanDocument(XMLDocumentFragmentScannerImpl.java:505)
	at com.sun.org.apache.xerces.internal.parsers.XML11Configuration.parse(XML11Configuration.java:841)
	at com.sun.org.apache.xerces.internal.parsers.XML11Configuration.parse(XML11Configuration.java:770)
	at com.sun.org.apache.xerces.internal.parsers.XMLParser.parse(XMLParser.java:141)
	at com.sun.org.apache.xerces.internal.parsers.AbstractSAXParser.parse(AbstractSAXParser.java:1213)
	at com.sun.org.apache.xerces.internal.jaxp.SAXParserImpl$JAXPSAXParser.parse(SAXParserImpl.java:643)
	at org.apache.tomcat.util.digester.Digester.parse(Digester.java:1568)
	at org.apache.catalina.startup.Catalina.load(Catalina.java:643)
	at sun.reflect.NativeMethodAccessorImpl.invoke0(Native Method)
	at sun.reflect.NativeMethodAccessorImpl.invoke(NativeMethodAccessorImpl.java:62)
	at sun.reflect.DelegatingMethodAccessorImpl.invoke(DelegatingMethodAccessorImpl.java:43)
	at java.lang.reflect.Method.invoke(Method.java:498)
	at org.apache.catalina.startup.Bootstrap.load(Bootstrap.java:256)
	at org.apache.catalina.startup.Bootstrap.main(Bootstrap.java:431)

十二月 13, 2018 5:41:18 下午 org.apache.catalina.startup.Catalina load
警告: Catalina.start using conf/server.xml: 文件提前结束。
十二月 13, 2018 5:41:18 下午 org.apache.catalina.startup.Catalina start
严重: Cannot start server. Server instance is not configured.
