十二月 13, 2018 9:52:08 上午 org.apache.catalina.core.ApplicationContext log
信息: ContextListener: contextInitialized()
十二月 13, 2018 9:52:08 上午 org.apache.catalina.core.ApplicationContext log
信息: SessionListener: contextInitialized()
十二月 13, 2018 9:52:08 上午 org.apache.catalina.core.ApplicationContext log
信息: ContextListener: attributeAdded('StockTicker', 'async.Stockticker@1787918a')
十二月 13, 2018 9:52:08 上午 org.apache.catalina.core.ApplicationContext log
信息: ContextListener: attributeAdded('org.apache.jasper.compiler.TldLocationsCache', 'org.apache.jasper.compiler.TldLocationsCache@67040c17')
十二月 13, 2018 10:07:12 上午 org.apache.catalina.core.ApplicationContext log
信息: SessionListener: contextDestroyed()
十二月 13, 2018 10:07:12 上午 org.apache.catalina.core.ApplicationContext log
信息: ContextListener: contextDestroyed()
十二月 13, 2018 10:19:38 上午 org.apache.catalina.core.ApplicationContext log
信息: ContextListener: contextInitialized()
十二月 13, 2018 10:19:38 上午 org.apache.catalina.core.ApplicationContext log
信息: SessionListener: contextInitialized()
十二月 13, 2018 10:19:38 上午 org.apache.catalina.core.ApplicationContext log
信息: ContextListener: attributeAdded('StockTicker', 'async.Stockticker@541759e4')
十二月 13, 2018 10:19:38 上午 org.apache.catalina.core.ApplicationContext log
信息: ContextListener: attributeAdded('org.apache.jasper.compiler.TldLocationsCache', 'org.apache.jasper.compiler.TldLocationsCache@4d2f7a17')
十二月 13, 2018 10:19:48 上午 org.apache.catalina.core.ApplicationContext log
信息: SessionListener: contextDestroyed()
十二月 13, 2018 10:19:48 上午 org.apache.catalina.core.ApplicationContext log
信息: ContextListener: contextDestroyed()
十二月 13, 2018 4:05:41 下午 org.apache.catalina.core.ApplicationContext log
信息: ContextListener: contextInitialized()
十二月 13, 2018 4:05:41 下午 org.apache.catalina.core.ApplicationContext log
信息: SessionListener: contextInitialized()
十二月 13, 2018 4:05:41 下午 org.apache.catalina.core.ApplicationContext log
信息: ContextListener: attributeAdded('StockTicker', 'async.Stockticker@344c874f')
十二月 13, 2018 4:05:41 下午 org.apache.catalina.core.ApplicationContext log
信息: ContextListener: attributeAdded('org.apache.jasper.compiler.TldLocationsCache', 'org.apache.jasper.compiler.TldLocationsCache@5a95841f')
十二月 13, 2018 4:05:54 下午 org.apache.catalina.core.ApplicationContext log
信息: SessionListener: contextDestroyed()
十二月 13, 2018 4:05:54 下午 org.apache.catalina.core.ApplicationContext log
信息: ContextListener: contextDestroyed()
十二月 13, 2018 4:06:07 下午 org.apache.catalina.core.ApplicationContext log
信息: ContextListener: contextInitialized()
十二月 13, 2018 4:06:07 下午 org.apache.catalina.core.ApplicationContext log
信息: SessionListener: contextInitialized()
十二月 13, 2018 4:06:07 下午 org.apache.catalina.core.ApplicationContext log
信息: ContextListener: attributeAdded('StockTicker', 'async.Stockticker@48508571')
十二月 13, 2018 4:06:07 下午 org.apache.catalina.core.ApplicationContext log
信息: ContextListener: attributeAdded('org.apache.jasper.compiler.TldLocationsCache', 'org.apache.jasper.compiler.TldLocationsCache@35f812f2')
十二月 13, 2018 4:06:44 下午 org.apache.catalina.core.ApplicationContext log
信息: SessionListener: contextDestroyed()
十二月 13, 2018 4:06:44 下午 org.apache.catalina.core.ApplicationContext log
信息: ContextListener: contextDestroyed()
十二月 13, 2018 5:13:18 下午 org.apache.catalina.core.ApplicationContext log
信息: ContextListener: contextInitialized()
十二月 13, 2018 5:13:18 下午 org.apache.catalina.core.ApplicationContext log
信息: SessionListener: contextInitialized()
十二月 13, 2018 5:13:18 下午 org.apache.catalina.core.ApplicationContext log
信息: ContextListener: attributeAdded('StockTicker', 'async.Stockticker@488a3883')
十二月 13, 2018 5:13:18 下午 org.apache.catalina.core.ApplicationContext log
信息: ContextListener: attributeAdded('org.apache.jasper.compiler.TldLocationsCache', 'org.apache.jasper.compiler.TldLocationsCache@3c087804')
十二月 13, 2018 5:31:20 下午 org.apache.catalina.core.ApplicationContext log
信息: SessionListener: contextDestroyed()
十二月 13, 2018 5:31:20 下午 org.apache.catalina.core.ApplicationContext log
信息: ContextListener: contextDestroyed()
十二月 13, 2018 5:35:46 下午 org.apache.catalina.core.ApplicationContext log
信息: ContextListener: contextInitialized()
十二月 13, 2018 5:35:46 下午 org.apache.catalina.core.ApplicationContext log
信息: SessionListener: contextInitialized()
十二月 13, 2018 5:35:46 下午 org.apache.catalina.core.ApplicationContext log
信息: ContextListener: attributeAdded('StockTicker', 'async.Stockticker@4751203f')
十二月 13, 2018 5:35:46 下午 org.apache.catalina.core.ApplicationContext log
信息: ContextListener: attributeAdded('org.apache.jasper.compiler.TldLocationsCache', 'org.apache.jasper.compiler.TldLocationsCache@523f522e')
十二月 13, 2018 5:40:34 下午 org.apache.catalina.core.ApplicationContext log
信息: SessionListener: contextDestroyed()
十二月 13, 2018 5:40:34 下午 org.apache.catalina.core.ApplicationContext log
信息: ContextListener: contextDestroyed()
十二月 13, 2018 5:51:41 下午 org.apache.catalina.core.ApplicationContext log
信息: ContextListener: contextInitialized()
十二月 13, 2018 5:51:41 下午 org.apache.catalina.core.ApplicationContext log
信息: SessionListener: contextInitialized()
十二月 13, 2018 5:51:41 下午 org.apache.catalina.core.ApplicationContext log
信息: ContextListener: attributeAdded('StockTicker', 'async.Stockticker@5b61aeb3')
十二月 13, 2018 5:51:41 下午 org.apache.catalina.core.ApplicationContext log
信息: ContextListener: attributeAdded('org.apache.jasper.compiler.TldLocationsCache', 'org.apache.jasper.compiler.TldLocationsCache@6f93bb35')
十二月 13, 2018 5:58:16 下午 org.apache.catalina.core.ApplicationContext log
信息: SessionListener: contextDestroyed()
十二月 13, 2018 5:58:16 下午 org.apache.catalina.core.ApplicationContext log
信息: ContextListener: contextDestroyed()
十二月 13, 2018 6:02:16 下午 org.apache.catalina.core.ApplicationContext log
信息: ContextListener: contextInitialized()
十二月 13, 2018 6:02:16 下午 org.apache.catalina.core.ApplicationContext log
信息: SessionListener: contextInitialized()
十二月 13, 2018 6:02:16 下午 org.apache.catalina.core.ApplicationContext log
信息: ContextListener: attributeAdded('StockTicker', 'async.Stockticker@1787918a')
十二月 13, 2018 6:02:16 下午 org.apache.catalina.core.ApplicationContext log
信息: ContextListener: attributeAdded('org.apache.jasper.compiler.TldLocationsCache', 'org.apache.jasper.compiler.TldLocationsCache@67040c17')
十二月 13, 2018 6:32:56 下午 org.apache.catalina.core.ApplicationContext log
信息: SessionListener: contextDestroyed()
十二月 13, 2018 6:32:56 下午 org.apache.catalina.core.ApplicationContext log
信息: ContextListener: contextDestroyed()
